===20160811-175545,print_file_list_json[55]=== fromId:0, count:0
===20160811-175545,print_file_list_json[65]=== value_num=0

===20160811-175545,print_file_list_json[127]=== {
	"games":	[]
}
===20160811-175545,print_file_list_json[55]=== fromId:0, count:8
===20160811-175545,print_file_list_json[65]=== value_num=8

===20160811-175545,print_file_list_json[82]=== filename=python-网络爬虫.pdf

===20160811-175545,print_file_list_json[92]=== create_time=2016-08-09 11:39:24

===20160811-175545,print_file_list_json[108]=== file_url=http://192.168.2.108/group1/M00/00/00/wKgCbFepUHGAUTOhAP_fjuN0kbA670.pdf

===20160811-175545,print_file_list_json[82]=== filename=阶段测试_STL_数据结构.rar

===20160811-175545,print_file_list_json[92]=== create_time=2016-08-09 11:34:23

===20160811-175545,print_file_list_json[108]=== file_url=http://192.168.2.108/group1/M00/00/00/wKgCbFepT0SAOBCtACjizOQy1fU405.rar

===20160811-175545,print_file_list_json[82]=== filename=黄昏.mp3

===20160811-175545,print_file_list_json[92]=== create_time=2016-08-09 11:31:35

===20160811-175545,print_file_list_json[108]=== file_url=http://192.168.2.108/group1/M00/00/00/wKgCbFepTp2AUnd1AFRAAvu2TSg259.mp3

===20160811-175545,print_file_list_json[82]=== filename=01-nginx-市场占有率.png

===20160811-175545,print_file_list_json[92]=== create_time=2016-08-09 11:30:35

===20160811-175545,print_file_list_json[108]=== file_url=http://192.168.2.108/group1/M00/00/00/wKgCbFepTmGAQvuXAAEYXfRAMkc937.png

===20160811-175545,print_file_list_json[82]=== filename=小猫5.jpg

===20160811-175545,print_file_list_json[92]=== create_time=2016-08-09 11:06:10

===20160811-175545,print_file_list_json[108]=== file_url=http://192.168.2.108/group1/M00/00/00/wKgCbFepSKeASREwAAapfc9k6Rc011.jpg

===20160811-175545,print_file_list_json[82]=== filename=小猫6.jpg

===20160811-175545,print_file_list_json[92]=== create_time=2016-08-09 11:06:09

===20160811-175545,print_file_list_json[108]=== file_url=http://192.168.2.108/group1/M00/00/00/wKgCbFepSKeAOkV4AAY7zSGunKE058.jpg

===20160811-175545,print_file_list_json[82]=== filename=猫4.jpg

===20160811-175545,print_file_list_json[92]=== create_time=2016-08-09 11:06:09

===20160811-175545,print_file_list_json[108]=== file_url=http://192.168.2.108/group1/M00/00/00/wKgCbFepSKeARhoLAAXsKfNoK_k046.jpg

===20160811-175545,print_file_list_json[82]=== filename=猫2.jpg

===20160811-175545,print_file_list_json[92]=== create_time=2016-08-09 11:06:09

===20160811-175545,print_file_list_json[108]=== file_url=http://192.168.2.108/group1/M00/00/00/wKgCbFepSKeAADFfAAbuwxC1bYU619.jpg

===20160811-175545,print_file_list_json[127]=== {
	"games":	[{
			"id":	0,
			"kind":	2,
			"title_m":	"python-网络爬虫.pdf",
			"title_s":	"文件title_s",
			"descrip":	"2016-08-09 11:39:24",
			"picurl_m":	"http://192.168.2.102\n/static/file_png/pdf.png",
			"url":	"http://192.168.2.108/group1/M00/00/00/wKgCbFepUHGAUTOhAP_fjuN0kbA670.pdf",
			"pv":	2000,
			"hot":	0
		}, {
			"id":	1,
			"kind":	2,
			"title_m":	"阶段测试_STL_数据结构.rar",
			"title_s":	"文件title_s",
			"descrip":	"2016-08-09 11:34:23",
			"picurl_m":	"http://192.168.2.102\n/static/file_png/rar.png",
			"url":	"http://192.168.2.108/group1/M00/00/00/wKgCbFepT0SAOBCtACjizOQy1fU405.rar",
			"pv":	2001,
			"hot":	1
		}, {
			"id":	2,
			"kind":	2,
			"title_m":	"黄昏.mp3",
			"title_s":	"文件title_s",
			"descrip":	"2016-08-09 11:31:35",
			"picurl_m":	"http://192.168.2.102\n/static/file_png/mp3.png",
			"url":	"http://192.168.2.108/group1/M00/00/00/wKgCbFepTp2AUnd1AFRAAvu2TSg259.mp3",
			"pv":	2002,
			"hot":	0
		}, {
			"id":	3,
			"kind":	2,
			"title_m":	"01-nginx-市场占有率.png",
			"title_s":	"文件title_s",
			"descrip":	"2016-08-09 11:30:35",
			"picurl_m":	"http://192.168.2.102\n/static/file_png/png.png",
			"url":	"http://192.168.2.108/group1/M00/00/00/wKgCbFepTmGAQvuXAAEYXfRAMkc937.png",
			"pv":	2003,
			"hot":	1
		}, {
			"id":	4,
			"kind":	2,
			"title_m":	"小猫5.jpg",
			"title_s":	"文件title_s",
			"descrip":	"2016-08-09 11:06:10",
			"picurl_m":	"http://192.168.2.102\n/static/file_png/jpg.png",
			"url":	"http://192.168.2.108/group1/M00/00/00/wKgCbFepSKeASREwAAapfc9k6Rc011.jpg",
			"pv":	2004,
			"hot":	0
		}, {
			"id":	5,
			"kind":	2,
			"title_m":	"小猫6.jpg",
			"title_s":	"文件title_s",
			"descrip":	"2016-08-09 11:06:09",
			"picurl_m":	"http://192.168.2.102\n/static/file_png/jpg.png",
			"url":	"http://192.168.2.108/group1/M00/00/00/wKgCbFepSKeAOkV4AAY7zSGunKE058.jpg",
			"pv":	2005,
			"hot":	1
		}, {
			"id":	6,
			"kind":	2,
			"title_m":	"猫4.jpg",
			"title_s":	"文件title_s",
			"descrip":	"2016-08-09 11:06:09",
			"picurl_m":	"http://192.168.2.102\n/static/file_png/jpg.png",
			"url":	"http://192.168.2.108/group1/M00/00/00/wKgCbFepSKeARhoLAAXsKfNoK_k046.jpg",
			"pv":	2006,
			"hot":	0
		}, {
			"id":	7,
			"kind":	2,
			"title_m":	"猫2.jpg",
			"title_s":	"文件title_s",
			"descrip":	"2016-08-09 11:06:09",
			"picurl_m":	"http://192.168.2.102\n/static/file_png/jpg.png",
			"url":	"http://192.168.2.108/group1/M00/00/00/wKgCbFepSKeAADFfAAbuwxC1bYU619.jpg",
			"pv":	2007,
			"hot":	1
		}]
}
===20160811-175550,print_file_list_json[55]=== fromId:0, count:8
===20160811-175550,print_file_list_json[65]=== value_num=8

===20160811-175550,print_file_list_json[82]=== filename=python-网络爬虫.pdf

===20160811-175550,print_file_list_json[92]=== create_time=2016-08-09 11:39:24

===20160811-175550,print_file_list_json[108]=== file_url=http://192.168.2.108/group1/M00/00/00/wKgCbFepUHGAUTOhAP_fjuN0kbA670.pdf

===20160811-175550,print_file_list_json[82]=== filename=阶段测试_STL_数据结构.rar

===20160811-175550,print_file_list_json[92]=== create_time=2016-08-09 11:34:23

===20160811-175550,print_file_list_json[108]=== file_url=http://192.168.2.108/group1/M00/00/00/wKgCbFepT0SAOBCtACjizOQy1fU405.rar

===20160811-175550,print_file_list_json[82]=== filename=黄昏.mp3

===20160811-175550,print_file_list_json[92]=== create_time=2016-08-09 11:31:35

===20160811-175550,print_file_list_json[108]=== file_url=http://192.168.2.108/group1/M00/00/00/wKgCbFepTp2AUnd1AFRAAvu2TSg259.mp3

===20160811-175550,print_file_list_json[82]=== filename=01-nginx-市场占有率.png

===20160811-175550,print_file_list_json[92]=== create_time=2016-08-09 11:30:35

===20160811-175550,print_file_list_json[108]=== file_url=http://192.168.2.108/group1/M00/00/00/wKgCbFepTmGAQvuXAAEYXfRAMkc937.png

===20160811-175550,print_file_list_json[82]=== filename=小猫5.jpg

===20160811-175550,print_file_list_json[92]=== create_time=2016-08-09 11:06:10

===20160811-175550,print_file_list_json[108]=== file_url=http://192.168.2.108/group1/M00/00/00/wKgCbFepSKeASREwAAapfc9k6Rc011.jpg

===20160811-175550,print_file_list_json[82]=== filename=小猫6.jpg

===20160811-175550,print_file_list_json[92]=== create_time=2016-08-09 11:06:09

===20160811-175550,print_file_list_json[108]=== file_url=http://192.168.2.108/group1/M00/00/00/wKgCbFepSKeAOkV4AAY7zSGunKE058.jpg

===20160811-175550,print_file_list_json[82]=== filename=猫4.jpg

===20160811-175550,print_file_list_json[92]=== create_time=2016-08-09 11:06:09

===20160811-175550,print_file_list_json[108]=== file_url=http://192.168.2.108/group1/M00/00/00/wKgCbFepSKeARhoLAAXsKfNoK_k046.jpg

===20160811-175550,print_file_list_json[82]=== filename=猫2.jpg

===20160811-175550,print_file_list_json[92]=== create_time=2016-08-09 11:06:09

===20160811-175550,print_file_list_json[108]=== file_url=http://192.168.2.108/group1/M00/00/00/wKgCbFepSKeAADFfAAbuwxC1bYU619.jpg

===20160811-175550,print_file_list_json[127]=== {
	"games":	[{
			"id":	0,
			"kind":	2,
			"title_m":	"python-网络爬虫.pdf",
			"title_s":	"文件title_s",
			"descrip":	"2016-08-09 11:39:24",
			"picurl_m":	"http://192.168.2.102\n/static/file_png/pdf.png",
			"url":	"http://192.168.2.108/group1/M00/00/00/wKgCbFepUHGAUTOhAP_fjuN0kbA670.pdf",
			"pv":	2000,
			"hot":	0
		}, {
			"id":	1,
			"kind":	2,
			"title_m":	"阶段测试_STL_数据结构.rar",
			"title_s":	"文件title_s",
			"descrip":	"2016-08-09 11:34:23",
			"picurl_m":	"http://192.168.2.102\n/static/file_png/rar.png",
			"url":	"http://192.168.2.108/group1/M00/00/00/wKgCbFepT0SAOBCtACjizOQy1fU405.rar",
			"pv":	2001,
			"hot":	1
		}, {
			"id":	2,
			"kind":	2,
			"title_m":	"黄昏.mp3",
			"title_s":	"文件title_s",
			"descrip":	"2016-08-09 11:31:35",
			"picurl_m":	"http://192.168.2.102\n/static/file_png/mp3.png",
			"url":	"http://192.168.2.108/group1/M00/00/00/wKgCbFepTp2AUnd1AFRAAvu2TSg259.mp3",
			"pv":	2002,
			"hot":	0
		}, {
			"id":	3,
			"kind":	2,
			"title_m":	"01-nginx-市场占有率.png",
			"title_s":	"文件title_s",
			"descrip":	"2016-08-09 11:30:35",
			"picurl_m":	"http://192.168.2.102\n/static/file_png/png.png",
			"url":	"http://192.168.2.108/group1/M00/00/00/wKgCbFepTmGAQvuXAAEYXfRAMkc937.png",
			"pv":	2003,
			"hot":	1
		}, {
			"id":	4,
			"kind":	2,
			"title_m":	"小猫5.jpg",
			"title_s":	"文件title_s",
			"descrip":	"2016-08-09 11:06:10",
			"picurl_m":	"http://192.168.2.102\n/static/file_png/jpg.png",
			"url":	"http://192.168.2.108/group1/M00/00/00/wKgCbFepSKeASREwAAapfc9k6Rc011.jpg",
			"pv":	2004,
			"hot":	0
		}, {
			"id":	5,
			"kind":	2,
			"title_m":	"小猫6.jpg",
			"title_s":	"文件title_s",
			"descrip":	"2016-08-09 11:06:09",
			"picurl_m":	"http://192.168.2.102\n/static/file_png/jpg.png",
			"url":	"http://192.168.2.108/group1/M00/00/00/wKgCbFepSKeAOkV4AAY7zSGunKE058.jpg",
			"pv":	2005,
			"hot":	1
		}, {
			"id":	6,
			"kind":	2,
			"title_m":	"猫4.jpg",
			"title_s":	"文件title_s",
			"descrip":	"2016-08-09 11:06:09",
			"picurl_m":	"http://192.168.2.102\n/static/file_png/jpg.png",
			"url":	"http://192.168.2.108/group1/M00/00/00/wKgCbFepSKeARhoLAAXsKfNoK_k046.jpg",
			"pv":	2006,
			"hot":	0
		}, {
			"id":	7,
			"kind":	2,
			"title_m":	"猫2.jpg",
			"title_s":	"文件title_s",
			"descrip":	"2016-08-09 11:06:09",
			"picurl_m":	"http://192.168.2.102\n/static/file_png/jpg.png",
			"url":	"http://192.168.2.108/group1/M00/00/00/wKgCbFepSKeAADFfAAbuwxC1bYU619.jpg",
			"pv":	2007,
			"hot":	1
		}]
}
===20160811-175554,print_file_list_json[55]=== fromId:0, count:8
===20160811-175554,print_file_list_json[65]=== value_num=8

===20160811-175554,print_file_list_json[82]=== filename=python-网络爬虫.pdf

===20160811-175554,print_file_list_json[92]=== create_time=2016-08-09 11:39:24

===20160811-175554,print_file_list_json[108]=== file_url=http://192.168.2.108/group1/M00/00/00/wKgCbFepUHGAUTOhAP_fjuN0kbA670.pdf

===20160811-175554,print_file_list_json[82]=== filename=阶段测试_STL_数据结构.rar

===20160811-175554,print_file_list_json[92]=== create_time=2016-08-09 11:34:23

===20160811-175554,print_file_list_json[108]=== file_url=http://192.168.2.108/group1/M00/00/00/wKgCbFepT0SAOBCtACjizOQy1fU405.rar

===20160811-175554,print_file_list_json[82]=== filename=黄昏.mp3

===20160811-175554,print_file_list_json[92]=== create_time=2016-08-09 11:31:35

===20160811-175554,print_file_list_json[108]=== file_url=http://192.168.2.108/group1/M00/00/00/wKgCbFepTp2AUnd1AFRAAvu2TSg259.mp3

===20160811-175554,print_file_list_json[82]=== filename=01-nginx-市场占有率.png

===20160811-175554,print_file_list_json[92]=== create_time=2016-08-09 11:30:35

===20160811-175554,print_file_list_json[108]=== file_url=http://192.168.2.108/group1/M00/00/00/wKgCbFepTmGAQvuXAAEYXfRAMkc937.png

===20160811-175554,print_file_list_json[82]=== filename=小猫5.jpg

===20160811-175554,print_file_list_json[92]=== create_time=2016-08-09 11:06:10

===20160811-175554,print_file_list_json[108]=== file_url=http://192.168.2.108/group1/M00/00/00/wKgCbFepSKeASREwAAapfc9k6Rc011.jpg

===20160811-175554,print_file_list_json[82]=== filename=小猫6.jpg

===20160811-175554,print_file_list_json[92]=== create_time=2016-08-09 11:06:09

===20160811-175554,print_file_list_json[108]=== file_url=http://192.168.2.108/group1/M00/00/00/wKgCbFepSKeAOkV4AAY7zSGunKE058.jpg

===20160811-175554,print_file_list_json[82]=== filename=猫4.jpg

===20160811-175554,print_file_list_json[92]=== create_time=2016-08-09 11:06:09

===20160811-175554,print_file_list_json[108]=== file_url=http://192.168.2.108/group1/M00/00/00/wKgCbFepSKeARhoLAAXsKfNoK_k046.jpg

===20160811-175554,print_file_list_json[82]=== filename=猫2.jpg

===20160811-175554,print_file_list_json[92]=== create_time=2016-08-09 11:06:09

===20160811-175554,print_file_list_json[108]=== file_url=http://192.168.2.108/group1/M00/00/00/wKgCbFepSKeAADFfAAbuwxC1bYU619.jpg

===20160811-175554,print_file_list_json[127]=== {
	"games":	[{
			"id":	0,
			"kind":	2,
			"title_m":	"python-网络爬虫.pdf",
			"title_s":	"文件title_s",
			"descrip":	"2016-08-09 11:39:24",
			"picurl_m":	"http://192.168.2.102\n/static/file_png/pdf.png",
			"url":	"http://192.168.2.108/group1/M00/00/00/wKgCbFepUHGAUTOhAP_fjuN0kbA670.pdf",
			"pv":	2000,
			"hot":	0
		}, {
			"id":	1,
			"kind":	2,
			"title_m":	"阶段测试_STL_数据结构.rar",
			"title_s":	"文件title_s",
			"descrip":	"2016-08-09 11:34:23",
			"picurl_m":	"http://192.168.2.102\n/static/file_png/rar.png",
			"url":	"http://192.168.2.108/group1/M00/00/00/wKgCbFepT0SAOBCtACjizOQy1fU405.rar",
			"pv":	2001,
			"hot":	1
		}, {
			"id":	2,
			"kind":	2,
			"title_m":	"黄昏.mp3",
			"title_s":	"文件title_s",
			"descrip":	"2016-08-09 11:31:35",
			"picurl_m":	"http://192.168.2.102\n/static/file_png/mp3.png",
			"url":	"http://192.168.2.108/group1/M00/00/00/wKgCbFepTp2AUnd1AFRAAvu2TSg259.mp3",
			"pv":	2002,
			"hot":	0
		}, {
			"id":	3,
			"kind":	2,
			"title_m":	"01-nginx-市场占有率.png",
			"title_s":	"文件title_s",
			"descrip":	"2016-08-09 11:30:35",
			"picurl_m":	"http://192.168.2.102\n/static/file_png/png.png",
			"url":	"http://192.168.2.108/group1/M00/00/00/wKgCbFepTmGAQvuXAAEYXfRAMkc937.png",
			"pv":	2003,
			"hot":	1
		}, {
			"id":	4,
			"kind":	2,
			"title_m":	"小猫5.jpg",
			"title_s":	"文件title_s",
			"descrip":	"2016-08-09 11:06:10",
			"picurl_m":	"http://192.168.2.102\n/static/file_png/jpg.png",
			"url":	"http://192.168.2.108/group1/M00/00/00/wKgCbFepSKeASREwAAapfc9k6Rc011.jpg",
			"pv":	2004,
			"hot":	0
		}, {
			"id":	5,
			"kind":	2,
			"title_m":	"小猫6.jpg",
			"title_s":	"文件title_s",
			"descrip":	"2016-08-09 11:06:09",
			"picurl_m":	"http://192.168.2.102\n/static/file_png/jpg.png",
			"url":	"http://192.168.2.108/group1/M00/00/00/wKgCbFepSKeAOkV4AAY7zSGunKE058.jpg",
			"pv":	2005,
			"hot":	1
		}, {
			"id":	6,
			"kind":	2,
			"title_m":	"猫4.jpg",
			"title_s":	"文件title_s",
			"descrip":	"2016-08-09 11:06:09",
			"picurl_m":	"http://192.168.2.102\n/static/file_png/jpg.png",
			"url":	"http://192.168.2.108/group1/M00/00/00/wKgCbFepSKeARhoLAAXsKfNoK_k046.jpg",
			"pv":	2006,
			"hot":	0
		}, {
			"id":	7,
			"kind":	2,
			"title_m":	"猫2.jpg",
			"title_s":	"文件title_s",
			"descrip":	"2016-08-09 11:06:09",
			"picurl_m":	"http://192.168.2.102\n/static/file_png/jpg.png",
			"url":	"http://192.168.2.108/group1/M00/00/00/wKgCbFepSKeAADFfAAbuwxC1bYU619.jpg",
			"pv":	2007,
			"hot":	1
		}]
}
===20160811-175557,print_file_list_json[55]=== fromId:0, count:8
===20160811-175557,print_file_list_json[65]=== value_num=8

===20160811-175557,print_file_list_json[82]=== filename=python-网络爬虫.pdf

===20160811-175557,print_file_list_json[92]=== create_time=2016-08-09 11:39:24

===20160811-175557,print_file_list_json[108]=== file_url=http://192.168.2.108/group1/M00/00/00/wKgCbFepUHGAUTOhAP_fjuN0kbA670.pdf

===20160811-175557,print_file_list_json[82]=== filename=阶段测试_STL_数据结构.rar

===20160811-175557,print_file_list_json[92]=== create_time=2016-08-09 11:34:23

===20160811-175557,print_file_list_json[108]=== file_url=http://192.168.2.108/group1/M00/00/00/wKgCbFepT0SAOBCtACjizOQy1fU405.rar

===20160811-175557,print_file_list_json[82]=== filename=黄昏.mp3

===20160811-175557,print_file_list_json[92]=== create_time=2016-08-09 11:31:35

===20160811-175557,print_file_list_json[108]=== file_url=http://192.168.2.108/group1/M00/00/00/wKgCbFepTp2AUnd1AFRAAvu2TSg259.mp3

===20160811-175557,print_file_list_json[82]=== filename=01-nginx-市场占有率.png

===20160811-175557,print_file_list_json[92]=== create_time=2016-08-09 11:30:35

===20160811-175557,print_file_list_json[108]=== file_url=http://192.168.2.108/group1/M00/00/00/wKgCbFepTmGAQvuXAAEYXfRAMkc937.png

===20160811-175557,print_file_list_json[82]=== filename=小猫5.jpg

===20160811-175557,print_file_list_json[92]=== create_time=2016-08-09 11:06:10

===20160811-175557,print_file_list_json[108]=== file_url=http://192.168.2.108/group1/M00/00/00/wKgCbFepSKeASREwAAapfc9k6Rc011.jpg

===20160811-175557,print_file_list_json[82]=== filename=小猫6.jpg

===20160811-175557,print_file_list_json[92]=== create_time=2016-08-09 11:06:09

===20160811-175557,print_file_list_json[108]=== file_url=http://192.168.2.108/group1/M00/00/00/wKgCbFepSKeAOkV4AAY7zSGunKE058.jpg

===20160811-175557,print_file_list_json[82]=== filename=猫4.jpg

===20160811-175557,print_file_list_json[92]=== create_time=2016-08-09 11:06:09

===20160811-175557,print_file_list_json[108]=== file_url=http://192.168.2.108/group1/M00/00/00/wKgCbFepSKeARhoLAAXsKfNoK_k046.jpg

===20160811-175557,print_file_list_json[82]=== filename=猫2.jpg

===20160811-175557,print_file_list_json[92]=== create_time=2016-08-09 11:06:09

===20160811-175557,print_file_list_json[108]=== file_url=http://192.168.2.108/group1/M00/00/00/wKgCbFepSKeAADFfAAbuwxC1bYU619.jpg

===20160811-175557,print_file_list_json[127]=== {
	"games":	[{
			"id":	0,
			"kind":	2,
			"title_m":	"python-网络爬虫.pdf",
			"title_s":	"文件title_s",
			"descrip":	"2016-08-09 11:39:24",
			"picurl_m":	"http://192.168.2.102\n/static/file_png/pdf.png",
			"url":	"http://192.168.2.108/group1/M00/00/00/wKgCbFepUHGAUTOhAP_fjuN0kbA670.pdf",
			"pv":	2000,
			"hot":	0
		}, {
			"id":	1,
			"kind":	2,
			"title_m":	"阶段测试_STL_数据结构.rar",
			"title_s":	"文件title_s",
			"descrip":	"2016-08-09 11:34:23",
			"picurl_m":	"http://192.168.2.102\n/static/file_png/rar.png",
			"url":	"http://192.168.2.108/group1/M00/00/00/wKgCbFepT0SAOBCtACjizOQy1fU405.rar",
			"pv":	2001,
			"hot":	1
		}, {
			"id":	2,
			"kind":	2,
			"title_m":	"黄昏.mp3",
			"title_s":	"文件title_s",
			"descrip":	"2016-08-09 11:31:35",
			"picurl_m":	"http://192.168.2.102\n/static/file_png/mp3.png",
			"url":	"http://192.168.2.108/group1/M00/00/00/wKgCbFepTp2AUnd1AFRAAvu2TSg259.mp3",
			"pv":	2002,
			"hot":	0
		}, {
			"id":	3,
			"kind":	2,
			"title_m":	"01-nginx-市场占有率.png",
			"title_s":	"文件title_s",
			"descrip":	"2016-08-09 11:30:35",
			"picurl_m":	"http://192.168.2.102\n/static/file_png/png.png",
			"url":	"http://192.168.2.108/group1/M00/00/00/wKgCbFepTmGAQvuXAAEYXfRAMkc937.png",
			"pv":	2003,
			"hot":	1
		}, {
			"id":	4,
			"kind":	2,
			"title_m":	"小猫5.jpg",
			"title_s":	"文件title_s",
			"descrip":	"2016-08-09 11:06:10",
			"picurl_m":	"http://192.168.2.102\n/static/file_png/jpg.png",
			"url":	"http://192.168.2.108/group1/M00/00/00/wKgCbFepSKeASREwAAapfc9k6Rc011.jpg",
			"pv":	2004,
			"hot":	0
		}, {
			"id":	5,
			"kind":	2,
			"title_m":	"小猫6.jpg",
			"title_s":	"文件title_s",
			"descrip":	"2016-08-09 11:06:09",
			"picurl_m":	"http://192.168.2.102\n/static/file_png/jpg.png",
			"url":	"http://192.168.2.108/group1/M00/00/00/wKgCbFepSKeAOkV4AAY7zSGunKE058.jpg",
			"pv":	2005,
			"hot":	1
		}, {
			"id":	6,
			"kind":	2,
			"title_m":	"猫4.jpg",
			"title_s":	"文件title_s",
			"descrip":	"2016-08-09 11:06:09",
			"picurl_m":	"http://192.168.2.102\n/static/file_png/jpg.png",
			"url":	"http://192.168.2.108/group1/M00/00/00/wKgCbFepSKeARhoLAAXsKfNoK_k046.jpg",
			"pv":	2006,
			"hot":	0
		}, {
			"id":	7,
			"kind":	2,
			"title_m":	"猫2.jpg",
			"title_s":	"文件title_s",
			"descrip":	"2016-08-09 11:06:09",
			"picurl_m":	"http://192.168.2.102\n/static/file_png/jpg.png",
			"url":	"http://192.168.2.108/group1/M00/00/00/wKgCbFepSKeAADFfAAbuwxC1bYU619.jpg",
			"pv":	2007,
			"hot":	1
		}]
}
===20160811-175604,print_file_list_json[55]=== fromId:0, count:0
===20160811-175604,print_file_list_json[65]=== value_num=0

===20160811-175604,print_file_list_json[127]=== {
	"games":	[]
}
===20160811-175605,print_file_list_json[55]=== fromId:0, count:0
===20160811-175605,print_file_list_json[65]=== value_num=0

===20160811-175605,print_file_list_json[127]=== {
	"games":	[]
}
===20160811-175606,print_file_list_json[55]=== fromId:0, count:0
===20160811-175606,print_file_list_json[65]=== value_num=0

===20160811-175606,print_file_list_json[127]=== {
	"games":	[]
}
===20160811-175607,print_file_list_json[55]=== fromId:0, count:0
===20160811-175607,print_file_list_json[65]=== value_num=0

===20160811-175607,print_file_list_json[127]=== {
	"games":	[]
}
===20160811-175610,print_file_list_json[55]=== fromId:0, count:0
===20160811-175610,print_file_list_json[65]=== value_num=0

===20160811-175610,print_file_list_json[127]=== {
	"games":	[]
}
===20160811-175610,print_file_list_json[55]=== fromId:0, count:8
===20160811-175610,print_file_list_json[65]=== value_num=8

===20160811-175610,print_file_list_json[82]=== filename=python-网络爬虫.pdf

===20160811-175610,print_file_list_json[92]=== create_time=2016-08-09 11:39:24

===20160811-175610,print_file_list_json[108]=== file_url=http://192.168.2.108/group1/M00/00/00/wKgCbFepUHGAUTOhAP_fjuN0kbA670.pdf

===20160811-175610,print_file_list_json[82]=== filename=阶段测试_STL_数据结构.rar

===20160811-175610,print_file_list_json[92]=== create_time=2016-08-09 11:34:23

===20160811-175610,print_file_list_json[108]=== file_url=http://192.168.2.108/group1/M00/00/00/wKgCbFepT0SAOBCtACjizOQy1fU405.rar

===20160811-175610,print_file_list_json[82]=== filename=黄昏.mp3

===20160811-175610,print_file_list_json[92]=== create_time=2016-08-09 11:31:35

===20160811-175610,print_file_list_json[108]=== file_url=http://192.168.2.108/group1/M00/00/00/wKgCbFepTp2AUnd1AFRAAvu2TSg259.mp3

===20160811-175610,print_file_list_json[82]=== filename=01-nginx-市场占有率.png

===20160811-175610,print_file_list_json[92]=== create_time=2016-08-09 11:30:35

===20160811-175610,print_file_list_json[108]=== file_url=http://192.168.2.108/group1/M00/00/00/wKgCbFepTmGAQvuXAAEYXfRAMkc937.png

===20160811-175610,print_file_list_json[82]=== filename=小猫5.jpg

===20160811-175610,print_file_list_json[92]=== create_time=2016-08-09 11:06:10

===20160811-175610,print_file_list_json[108]=== file_url=http://192.168.2.108/group1/M00/00/00/wKgCbFepSKeASREwAAapfc9k6Rc011.jpg

===20160811-175610,print_file_list_json[82]=== filename=小猫6.jpg

===20160811-175610,print_file_list_json[92]=== create_time=2016-08-09 11:06:09

===20160811-175610,print_file_list_json[108]=== file_url=http://192.168.2.108/group1/M00/00/00/wKgCbFepSKeAOkV4AAY7zSGunKE058.jpg

===20160811-175610,print_file_list_json[82]=== filename=猫4.jpg

===20160811-175610,print_file_list_json[92]=== create_time=2016-08-09 11:06:09

===20160811-175610,print_file_list_json[108]=== file_url=http://192.168.2.108/group1/M00/00/00/wKgCbFepSKeARhoLAAXsKfNoK_k046.jpg

===20160811-175610,print_file_list_json[82]=== filename=猫2.jpg

===20160811-175610,print_file_list_json[92]=== create_time=2016-08-09 11:06:09

===20160811-175610,print_file_list_json[108]=== file_url=http://192.168.2.108/group1/M00/00/00/wKgCbFepSKeAADFfAAbuwxC1bYU619.jpg

===20160811-175610,print_file_list_json[127]=== {
	"games":	[{
			"id":	0,
			"kind":	2,
			"title_m":	"python-网络爬虫.pdf",
			"title_s":	"文件title_s",
			"descrip":	"2016-08-09 11:39:24",
			"picurl_m":	"http://192.168.2.102\n/static/file_png/pdf.png",
			"url":	"http://192.168.2.108/group1/M00/00/00/wKgCbFepUHGAUTOhAP_fjuN0kbA670.pdf",
			"pv":	2000,
			"hot":	0
		}, {
			"id":	1,
			"kind":	2,
			"title_m":	"阶段测试_STL_数据结构.rar",
			"title_s":	"文件title_s",
			"descrip":	"2016-08-09 11:34:23",
			"picurl_m":	"http://192.168.2.102\n/static/file_png/rar.png",
			"url":	"http://192.168.2.108/group1/M00/00/00/wKgCbFepT0SAOBCtACjizOQy1fU405.rar",
			"pv":	2001,
			"hot":	1
		}, {
			"id":	2,
			"kind":	2,
			"title_m":	"黄昏.mp3",
			"title_s":	"文件title_s",
			"descrip":	"2016-08-09 11:31:35",
			"picurl_m":	"http://192.168.2.102\n/static/file_png/mp3.png",
			"url":	"http://192.168.2.108/group1/M00/00/00/wKgCbFepTp2AUnd1AFRAAvu2TSg259.mp3",
			"pv":	2002,
			"hot":	0
		}, {
			"id":	3,
			"kind":	2,
			"title_m":	"01-nginx-市场占有率.png",
			"title_s":	"文件title_s",
			"descrip":	"2016-08-09 11:30:35",
			"picurl_m":	"http://192.168.2.102\n/static/file_png/png.png",
			"url":	"http://192.168.2.108/group1/M00/00/00/wKgCbFepTmGAQvuXAAEYXfRAMkc937.png",
			"pv":	2003,
			"hot":	1
		}, {
			"id":	4,
			"kind":	2,
			"title_m":	"小猫5.jpg",
			"title_s":	"文件title_s",
			"descrip":	"2016-08-09 11:06:10",
			"picurl_m":	"http://192.168.2.102\n/static/file_png/jpg.png",
			"url":	"http://192.168.2.108/group1/M00/00/00/wKgCbFepSKeASREwAAapfc9k6Rc011.jpg",
			"pv":	2004,
			"hot":	0
		}, {
			"id":	5,
			"kind":	2,
			"title_m":	"小猫6.jpg",
			"title_s":	"文件title_s",
			"descrip":	"2016-08-09 11:06:09",
			"picurl_m":	"http://192.168.2.102\n/static/file_png/jpg.png",
			"url":	"http://192.168.2.108/group1/M00/00/00/wKgCbFepSKeAOkV4AAY7zSGunKE058.jpg",
			"pv":	2005,
			"hot":	1
		}, {
			"id":	6,
			"kind":	2,
			"title_m":	"猫4.jpg",
			"title_s":	"文件title_s",
			"descrip":	"2016-08-09 11:06:09",
			"picurl_m":	"http://192.168.2.102\n/static/file_png/jpg.png",
			"url":	"http://192.168.2.108/group1/M00/00/00/wKgCbFepSKeARhoLAAXsKfNoK_k046.jpg",
			"pv":	2006,
			"hot":	0
		}, {
			"id":	7,
			"kind":	2,
			"title_m":	"猫2.jpg",
			"title_s":	"文件title_s",
			"descrip":	"2016-08-09 11:06:09",
			"picurl_m":	"http://192.168.2.102\n/static/file_png/jpg.png",
			"url":	"http://192.168.2.108/group1/M00/00/00/wKgCbFepSKeAADFfAAbuwxC1bYU619.jpg",
			"pv":	2007,
			"hot":	1
		}]
}
===20160811-175807,print_file_list_json[55]=== fromId:0, count:8
===20160811-175807,print_file_list_json[65]=== value_num=8

===20160811-175807,print_file_list_json[82]=== filename=python-网络爬虫.pdf

===20160811-175807,print_file_list_json[92]=== create_time=2016-08-09 11:39:24

===20160811-175807,print_file_list_json[108]=== file_url=http://192.168.2.108/group1/M00/00/00/wKgCbFepUHGAUTOhAP_fjuN0kbA670.pdf

===20160811-175807,print_file_list_json[82]=== filename=阶段测试_STL_数据结构.rar

===20160811-175807,print_file_list_json[92]=== create_time=2016-08-09 11:34:23

===20160811-175807,print_file_list_json[108]=== file_url=http://192.168.2.108/group1/M00/00/00/wKgCbFepT0SAOBCtACjizOQy1fU405.rar

===20160811-175807,print_file_list_json[82]=== filename=黄昏.mp3

===20160811-175807,print_file_list_json[92]=== create_time=2016-08-09 11:31:35

===20160811-175807,print_file_list_json[108]=== file_url=http://192.168.2.108/group1/M00/00/00/wKgCbFepTp2AUnd1AFRAAvu2TSg259.mp3

===20160811-175807,print_file_list_json[82]=== filename=01-nginx-市场占有率.png

===20160811-175807,print_file_list_json[92]=== create_time=2016-08-09 11:30:35

===20160811-175807,print_file_list_json[108]=== file_url=http://192.168.2.108/group1/M00/00/00/wKgCbFepTmGAQvuXAAEYXfRAMkc937.png

===20160811-175807,print_file_list_json[82]=== filename=小猫5.jpg

===20160811-175807,print_file_list_json[92]=== create_time=2016-08-09 11:06:10

===20160811-175807,print_file_list_json[108]=== file_url=http://192.168.2.108/group1/M00/00/00/wKgCbFepSKeASREwAAapfc9k6Rc011.jpg

===20160811-175807,print_file_list_json[82]=== filename=小猫6.jpg

===20160811-175807,print_file_list_json[92]=== create_time=2016-08-09 11:06:09

===20160811-175807,print_file_list_json[108]=== file_url=http://192.168.2.108/group1/M00/00/00/wKgCbFepSKeAOkV4AAY7zSGunKE058.jpg

===20160811-175807,print_file_list_json[82]=== filename=猫4.jpg

===20160811-175807,print_file_list_json[92]=== create_time=2016-08-09 11:06:09

===20160811-175807,print_file_list_json[108]=== file_url=http://192.168.2.108/group1/M00/00/00/wKgCbFepSKeARhoLAAXsKfNoK_k046.jpg

===20160811-175807,print_file_list_json[82]=== filename=猫2.jpg

===20160811-175807,print_file_list_json[92]=== create_time=2016-08-09 11:06:09

===20160811-175807,print_file_list_json[108]=== file_url=http://192.168.2.108/group1/M00/00/00/wKgCbFepSKeAADFfAAbuwxC1bYU619.jpg

===20160811-175807,print_file_list_json[127]=== {
	"games":	[{
			"id":	0,
			"kind":	2,
			"title_m":	"python-网络爬虫.pdf",
			"title_s":	"文件title_s",
			"descrip":	"2016-08-09 11:39:24",
			"picurl_m":	"http://192.168.2.102\n/static/file_png/pdf.png",
			"url":	"http://192.168.2.108/group1/M00/00/00/wKgCbFepUHGAUTOhAP_fjuN0kbA670.pdf",
			"pv":	2000,
			"hot":	0
		}, {
			"id":	1,
			"kind":	2,
			"title_m":	"阶段测试_STL_数据结构.rar",
			"title_s":	"文件title_s",
			"descrip":	"2016-08-09 11:34:23",
			"picurl_m":	"http://192.168.2.102\n/static/file_png/rar.png",
			"url":	"http://192.168.2.108/group1/M00/00/00/wKgCbFepT0SAOBCtACjizOQy1fU405.rar",
			"pv":	2001,
			"hot":	1
		}, {
			"id":	2,
			"kind":	2,
			"title_m":	"黄昏.mp3",
			"title_s":	"文件title_s",
			"descrip":	"2016-08-09 11:31:35",
			"picurl_m":	"http://192.168.2.102\n/static/file_png/mp3.png",
			"url":	"http://192.168.2.108/group1/M00/00/00/wKgCbFepTp2AUnd1AFRAAvu2TSg259.mp3",
			"pv":	2002,
			"hot":	0
		}, {
			"id":	3,
			"kind":	2,
			"title_m":	"01-nginx-市场占有率.png",
			"title_s":	"文件title_s",
			"descrip":	"2016-08-09 11:30:35",
			"picurl_m":	"http://192.168.2.102\n/static/file_png/png.png",
			"url":	"http://192.168.2.108/group1/M00/00/00/wKgCbFepTmGAQvuXAAEYXfRAMkc937.png",
			"pv":	2003,
			"hot":	1
		}, {
			"id":	4,
			"kind":	2,
			"title_m":	"小猫5.jpg",
			"title_s":	"文件title_s",
			"descrip":	"2016-08-09 11:06:10",
			"picurl_m":	"http://192.168.2.102\n/static/file_png/jpg.png",
			"url":	"http://192.168.2.108/group1/M00/00/00/wKgCbFepSKeASREwAAapfc9k6Rc011.jpg",
			"pv":	2004,
			"hot":	0
		}, {
			"id":	5,
			"kind":	2,
			"title_m":	"小猫6.jpg",
			"title_s":	"文件title_s",
			"descrip":	"2016-08-09 11:06:09",
			"picurl_m":	"http://192.168.2.102\n/static/file_png/jpg.png",
			"url":	"http://192.168.2.108/group1/M00/00/00/wKgCbFepSKeAOkV4AAY7zSGunKE058.jpg",
			"pv":	2005,
			"hot":	1
		}, {
			"id":	6,
			"kind":	2,
			"title_m":	"猫4.jpg",
			"title_s":	"文件title_s",
			"descrip":	"2016-08-09 11:06:09",
			"picurl_m":	"http://192.168.2.102\n/static/file_png/jpg.png",
			"url":	"http://192.168.2.108/group1/M00/00/00/wKgCbFepSKeARhoLAAXsKfNoK_k046.jpg",
			"pv":	2006,
			"hot":	0
		}, {
			"id":	7,
			"kind":	2,
			"title_m":	"猫2.jpg",
			"title_s":	"文件title_s",
			"descrip":	"2016-08-09 11:06:09",
			"picurl_m":	"http://192.168.2.102\n/static/file_png/jpg.png",
			"url":	"http://192.168.2.108/group1/M00/00/00/wKgCbFepSKeAADFfAAbuwxC1bYU619.jpg",
			"pv":	2007,
			"hot":	1
		}]
}
===20160811-175812,print_file_list_json[55]=== fromId:0, count:0
===20160811-175812,print_file_list_json[65]=== value_num=0

===20160811-175812,print_file_list_json[127]=== {
	"games":	[]
}
===20160811-175918,print_file_list_json[55]=== fromId:0, count:0
===20160811-175918,print_file_list_json[65]=== value_num=0

===20160811-175918,print_file_list_json[127]=== {
	"games":	[]
}
===20160811-175918,print_file_list_json[55]=== fromId:0, count:8
===20160811-175918,print_file_list_json[65]=== value_num=8

===20160811-175918,print_file_list_json[82]=== filename=python-网络爬虫.pdf

===20160811-175918,print_file_list_json[92]=== create_time=2016-08-09 11:39:24

===20160811-175918,print_file_list_json[108]=== file_url=http://192.168.2.108/group1/M00/00/00/wKgCbFepUHGAUTOhAP_fjuN0kbA670.pdf

===20160811-175918,print_file_list_json[82]=== filename=阶段测试_STL_数据结构.rar

===20160811-175918,print_file_list_json[92]=== create_time=2016-08-09 11:34:23

===20160811-175918,print_file_list_json[108]=== file_url=http://192.168.2.108/group1/M00/00/00/wKgCbFepT0SAOBCtACjizOQy1fU405.rar

===20160811-175918,print_file_list_json[82]=== filename=黄昏.mp3

===20160811-175918,print_file_list_json[92]=== create_time=2016-08-09 11:31:35

===20160811-175918,print_file_list_json[108]=== file_url=http://192.168.2.108/group1/M00/00/00/wKgCbFepTp2AUnd1AFRAAvu2TSg259.mp3

===20160811-175918,print_file_list_json[82]=== filename=01-nginx-市场占有率.png

===20160811-175918,print_file_list_json[92]=== create_time=2016-08-09 11:30:35

===20160811-175918,print_file_list_json[108]=== file_url=http://192.168.2.108/group1/M00/00/00/wKgCbFepTmGAQvuXAAEYXfRAMkc937.png

===20160811-175918,print_file_list_json[82]=== filename=小猫5.jpg

===20160811-175918,print_file_list_json[92]=== create_time=2016-08-09 11:06:10

===20160811-175918,print_file_list_json[108]=== file_url=http://192.168.2.108/group1/M00/00/00/wKgCbFepSKeASREwAAapfc9k6Rc011.jpg

===20160811-175918,print_file_list_json[82]=== filename=小猫6.jpg

===20160811-175918,print_file_list_json[92]=== create_time=2016-08-09 11:06:09

===20160811-175918,print_file_list_json[108]=== file_url=http://192.168.2.108/group1/M00/00/00/wKgCbFepSKeAOkV4AAY7zSGunKE058.jpg

===20160811-175918,print_file_list_json[82]=== filename=猫4.jpg

===20160811-175918,print_file_list_json[92]=== create_time=2016-08-09 11:06:09

===20160811-175918,print_file_list_json[108]=== file_url=http://192.168.2.108/group1/M00/00/00/wKgCbFepSKeARhoLAAXsKfNoK_k046.jpg

===20160811-175918,print_file_list_json[82]=== filename=猫2.jpg

===20160811-175918,print_file_list_json[92]=== create_time=2016-08-09 11:06:09

===20160811-175918,print_file_list_json[108]=== file_url=http://192.168.2.108/group1/M00/00/00/wKgCbFepSKeAADFfAAbuwxC1bYU619.jpg

===20160811-175918,print_file_list_json[127]=== {
	"games":	[{
			"id":	0,
			"kind":	2,
			"title_m":	"python-网络爬虫.pdf",
			"title_s":	"文件title_s",
			"descrip":	"2016-08-09 11:39:24",
			"picurl_m":	"http://192.168.2.110\n/static/file_png/pdf.png",
			"url":	"http://192.168.2.108/group1/M00/00/00/wKgCbFepUHGAUTOhAP_fjuN0kbA670.pdf",
			"pv":	2000,
			"hot":	0
		}, {
			"id":	1,
			"kind":	2,
			"title_m":	"阶段测试_STL_数据结构.rar",
			"title_s":	"文件title_s",
			"descrip":	"2016-08-09 11:34:23",
			"picurl_m":	"http://192.168.2.110\n/static/file_png/rar.png",
			"url":	"http://192.168.2.108/group1/M00/00/00/wKgCbFepT0SAOBCtACjizOQy1fU405.rar",
			"pv":	2001,
			"hot":	1
		}, {
			"id":	2,
			"kind":	2,
			"title_m":	"黄昏.mp3",
			"title_s":	"文件title_s",
			"descrip":	"2016-08-09 11:31:35",
			"picurl_m":	"http://192.168.2.110\n/static/file_png/mp3.png",
			"url":	"http://192.168.2.108/group1/M00/00/00/wKgCbFepTp2AUnd1AFRAAvu2TSg259.mp3",
			"pv":	2002,
			"hot":	0
		}, {
			"id":	3,
			"kind":	2,
			"title_m":	"01-nginx-市场占有率.png",
			"title_s":	"文件title_s",
			"descrip":	"2016-08-09 11:30:35",
			"picurl_m":	"http://192.168.2.110\n/static/file_png/png.png",
			"url":	"http://192.168.2.108/group1/M00/00/00/wKgCbFepTmGAQvuXAAEYXfRAMkc937.png",
			"pv":	2003,
			"hot":	1
		}, {
			"id":	4,
			"kind":	2,
			"title_m":	"小猫5.jpg",
			"title_s":	"文件title_s",
			"descrip":	"2016-08-09 11:06:10",
			"picurl_m":	"http://192.168.2.110\n/static/file_png/jpg.png",
			"url":	"http://192.168.2.108/group1/M00/00/00/wKgCbFepSKeASREwAAapfc9k6Rc011.jpg",
			"pv":	2004,
			"hot":	0
		}, {
			"id":	5,
			"kind":	2,
			"title_m":	"小猫6.jpg",
			"title_s":	"文件title_s",
			"descrip":	"2016-08-09 11:06:09",
			"picurl_m":	"http://192.168.2.110\n/static/file_png/jpg.png",
			"url":	"http://192.168.2.108/group1/M00/00/00/wKgCbFepSKeAOkV4AAY7zSGunKE058.jpg",
			"pv":	2005,
			"hot":	1
		}, {
			"id":	6,
			"kind":	2,
			"title_m":	"猫4.jpg",
			"title_s":	"文件title_s",
			"descrip":	"2016-08-09 11:06:09",
			"picurl_m":	"http://192.168.2.110\n/static/file_png/jpg.png",
			"url":	"http://192.168.2.108/group1/M00/00/00/wKgCbFepSKeARhoLAAXsKfNoK_k046.jpg",
			"pv":	2006,
			"hot":	0
		}, {
			"id":	7,
			"kind":	2,
			"title_m":	"猫2.jpg",
			"title_s":	"文件title_s",
			"descrip":	"2016-08-09 11:06:09",
			"picurl_m":	"http://192.168.2.110\n/static/file_png/jpg.png",
			"url":	"http://192.168.2.108/group1/M00/00/00/wKgCbFepSKeAADFfAAbuwxC1bYU619.jpg",
			"pv":	2007,
			"hot":	1
		}]
}
===20160811-175934,print_file_list_json[55]=== fromId:0, count:8
===20160811-175934,print_file_list_json[65]=== value_num=8

===20160811-175934,print_file_list_json[82]=== filename=python-网络爬虫.pdf

===20160811-175934,print_file_list_json[92]=== create_time=2016-08-09 11:39:24

===20160811-175934,print_file_list_json[108]=== file_url=http://192.168.2.108/group1/M00/00/00/wKgCbFepUHGAUTOhAP_fjuN0kbA670.pdf

===20160811-175934,print_file_list_json[82]=== filename=阶段测试_STL_数据结构.rar

===20160811-175934,print_file_list_json[92]=== create_time=2016-08-09 11:34:23

===20160811-175934,print_file_list_json[108]=== file_url=http://192.168.2.108/group1/M00/00/00/wKgCbFepT0SAOBCtACjizOQy1fU405.rar

===20160811-175934,print_file_list_json[82]=== filename=黄昏.mp3

===20160811-175934,print_file_list_json[92]=== create_time=2016-08-09 11:31:35

===20160811-175934,print_file_list_json[108]=== file_url=http://192.168.2.108/group1/M00/00/00/wKgCbFepTp2AUnd1AFRAAvu2TSg259.mp3

===20160811-175934,print_file_list_json[82]=== filename=01-nginx-市场占有率.png

===20160811-175934,print_file_list_json[92]=== create_time=2016-08-09 11:30:35

===20160811-175934,print_file_list_json[108]=== file_url=http://192.168.2.108/group1/M00/00/00/wKgCbFepTmGAQvuXAAEYXfRAMkc937.png

===20160811-175934,print_file_list_json[82]=== filename=小猫5.jpg

===20160811-175934,print_file_list_json[92]=== create_time=2016-08-09 11:06:10

===20160811-175934,print_file_list_json[108]=== file_url=http://192.168.2.108/group1/M00/00/00/wKgCbFepSKeASREwAAapfc9k6Rc011.jpg

===20160811-175934,print_file_list_json[82]=== filename=小猫6.jpg

===20160811-175934,print_file_list_json[92]=== create_time=2016-08-09 11:06:09

===20160811-175934,print_file_list_json[108]=== file_url=http://192.168.2.108/group1/M00/00/00/wKgCbFepSKeAOkV4AAY7zSGunKE058.jpg

===20160811-175934,print_file_list_json[82]=== filename=猫4.jpg

===20160811-175934,print_file_list_json[92]=== create_time=2016-08-09 11:06:09

===20160811-175934,print_file_list_json[108]=== file_url=http://192.168.2.108/group1/M00/00/00/wKgCbFepSKeARhoLAAXsKfNoK_k046.jpg

===20160811-175934,print_file_list_json[82]=== filename=猫2.jpg

===20160811-175934,print_file_list_json[92]=== create_time=2016-08-09 11:06:09

===20160811-175934,print_file_list_json[108]=== file_url=http://192.168.2.108/group1/M00/00/00/wKgCbFepSKeAADFfAAbuwxC1bYU619.jpg

===20160811-175934,print_file_list_json[127]=== {
	"games":	[{
			"id":	0,
			"kind":	2,
			"title_m":	"python-网络爬虫.pdf",
			"title_s":	"文件title_s",
			"descrip":	"2016-08-09 11:39:24",
			"picurl_m":	"http://192.168.2.110\n/static/file_png/pdf.png",
			"url":	"http://192.168.2.108/group1/M00/00/00/wKgCbFepUHGAUTOhAP_fjuN0kbA670.pdf",
			"pv":	2000,
			"hot":	0
		}, {
			"id":	1,
			"kind":	2,
			"title_m":	"阶段测试_STL_数据结构.rar",
			"title_s":	"文件title_s",
			"descrip":	"2016-08-09 11:34:23",
			"picurl_m":	"http://192.168.2.110\n/static/file_png/rar.png",
			"url":	"http://192.168.2.108/group1/M00/00/00/wKgCbFepT0SAOBCtACjizOQy1fU405.rar",
			"pv":	2001,
			"hot":	1
		}, {
			"id":	2,
			"kind":	2,
			"title_m":	"黄昏.mp3",
			"title_s":	"文件title_s",
			"descrip":	"2016-08-09 11:31:35",
			"picurl_m":	"http://192.168.2.110\n/static/file_png/mp3.png",
			"url":	"http://192.168.2.108/group1/M00/00/00/wKgCbFepTp2AUnd1AFRAAvu2TSg259.mp3",
			"pv":	2002,
			"hot":	0
		}, {
			"id":	3,
			"kind":	2,
			"title_m":	"01-nginx-市场占有率.png",
			"title_s":	"文件title_s",
			"descrip":	"2016-08-09 11:30:35",
			"picurl_m":	"http://192.168.2.110\n/static/file_png/png.png",
			"url":	"http://192.168.2.108/group1/M00/00/00/wKgCbFepTmGAQvuXAAEYXfRAMkc937.png",
			"pv":	2003,
			"hot":	1
		}, {
			"id":	4,
			"kind":	2,
			"title_m":	"小猫5.jpg",
			"title_s":	"文件title_s",
			"descrip":	"2016-08-09 11:06:10",
			"picurl_m":	"http://192.168.2.110\n/static/file_png/jpg.png",
			"url":	"http://192.168.2.108/group1/M00/00/00/wKgCbFepSKeASREwAAapfc9k6Rc011.jpg",
			"pv":	2004,
			"hot":	0
		}, {
			"id":	5,
			"kind":	2,
			"title_m":	"小猫6.jpg",
			"title_s":	"文件title_s",
			"descrip":	"2016-08-09 11:06:09",
			"picurl_m":	"http://192.168.2.110\n/static/file_png/jpg.png",
			"url":	"http://192.168.2.108/group1/M00/00/00/wKgCbFepSKeAOkV4AAY7zSGunKE058.jpg",
			"pv":	2005,
			"hot":	1
		}, {
			"id":	6,
			"kind":	2,
			"title_m":	"猫4.jpg",
			"title_s":	"文件title_s",
			"descrip":	"2016-08-09 11:06:09",
			"picurl_m":	"http://192.168.2.110\n/static/file_png/jpg.png",
			"url":	"http://192.168.2.108/group1/M00/00/00/wKgCbFepSKeARhoLAAXsKfNoK_k046.jpg",
			"pv":	2006,
			"hot":	0
		}, {
			"id":	7,
			"kind":	2,
			"title_m":	"猫2.jpg",
			"title_s":	"文件title_s",
			"descrip":	"2016-08-09 11:06:09",
			"picurl_m":	"http://192.168.2.110\n/static/file_png/jpg.png",
			"url":	"http://192.168.2.108/group1/M00/00/00/wKgCbFepSKeAADFfAAbuwxC1bYU619.jpg",
			"pv":	2007,
			"hot":	1
		}]
}
===20160811-175934,print_file_list_json[55]=== fromId:0, count:0
===20160811-175934,print_file_list_json[65]=== value_num=0

===20160811-175934,print_file_list_json[127]=== {
	"games":	[]
}
===20160811-175944,print_file_list_json[55]=== fromId:0, count:0
===20160811-175944,print_file_list_json[65]=== value_num=0

===20160811-175944,print_file_list_json[127]=== {
	"games":	[]
}
===20160811-175945,print_file_list_json[55]=== fromId:0, count:8
===20160811-175945,print_file_list_json[65]=== value_num=8

===20160811-175945,print_file_list_json[82]=== filename=python-网络爬虫.pdf

===20160811-175945,print_file_list_json[92]=== create_time=2016-08-09 11:39:24

===20160811-175945,print_file_list_json[108]=== file_url=http://192.168.2.108/group1/M00/00/00/wKgCbFepUHGAUTOhAP_fjuN0kbA670.pdf

===20160811-175945,print_file_list_json[82]=== filename=阶段测试_STL_数据结构.rar

===20160811-175945,print_file_list_json[92]=== create_time=2016-08-09 11:34:23

===20160811-175945,print_file_list_json[108]=== file_url=http://192.168.2.108/group1/M00/00/00/wKgCbFepT0SAOBCtACjizOQy1fU405.rar

===20160811-175945,print_file_list_json[82]=== filename=黄昏.mp3

===20160811-175945,print_file_list_json[92]=== create_time=2016-08-09 11:31:35

===20160811-175945,print_file_list_json[108]=== file_url=http://192.168.2.108/group1/M00/00/00/wKgCbFepTp2AUnd1AFRAAvu2TSg259.mp3

===20160811-175945,print_file_list_json[82]=== filename=01-nginx-市场占有率.png

===20160811-175945,print_file_list_json[92]=== create_time=2016-08-09 11:30:35

===20160811-175945,print_file_list_json[108]=== file_url=http://192.168.2.108/group1/M00/00/00/wKgCbFepTmGAQvuXAAEYXfRAMkc937.png

===20160811-175945,print_file_list_json[82]=== filename=小猫5.jpg

===20160811-175945,print_file_list_json[92]=== create_time=2016-08-09 11:06:10

===20160811-175945,print_file_list_json[108]=== file_url=http://192.168.2.108/group1/M00/00/00/wKgCbFepSKeASREwAAapfc9k6Rc011.jpg

===20160811-175945,print_file_list_json[82]=== filename=小猫6.jpg

===20160811-175945,print_file_list_json[92]=== create_time=2016-08-09 11:06:09

===20160811-175945,print_file_list_json[108]=== file_url=http://192.168.2.108/group1/M00/00/00/wKgCbFepSKeAOkV4AAY7zSGunKE058.jpg

===20160811-175945,print_file_list_json[82]=== filename=猫4.jpg

===20160811-175945,print_file_list_json[92]=== create_time=2016-08-09 11:06:09

===20160811-175945,print_file_list_json[108]=== file_url=http://192.168.2.108/group1/M00/00/00/wKgCbFepSKeARhoLAAXsKfNoK_k046.jpg

===20160811-175945,print_file_list_json[82]=== filename=猫2.jpg

===20160811-175945,print_file_list_json[92]=== create_time=2016-08-09 11:06:09

===20160811-175945,print_file_list_json[108]=== file_url=http://192.168.2.108/group1/M00/00/00/wKgCbFepSKeAADFfAAbuwxC1bYU619.jpg

===20160811-175945,print_file_list_json[127]=== {
	"games":	[{
			"id":	0,
			"kind":	2,
			"title_m":	"python-网络爬虫.pdf",
			"title_s":	"文件title_s",
			"descrip":	"2016-08-09 11:39:24",
			"picurl_m":	"http://192.168.2.110\n/static/file_png/pdf.png",
			"url":	"http://192.168.2.108/group1/M00/00/00/wKgCbFepUHGAUTOhAP_fjuN0kbA670.pdf",
			"pv":	2000,
			"hot":	0
		}, {
			"id":	1,
			"kind":	2,
			"title_m":	"阶段测试_STL_数据结构.rar",
			"title_s":	"文件title_s",
			"descrip":	"2016-08-09 11:34:23",
			"picurl_m":	"http://192.168.2.110\n/static/file_png/rar.png",
			"url":	"http://192.168.2.108/group1/M00/00/00/wKgCbFepT0SAOBCtACjizOQy1fU405.rar",
			"pv":	2001,
			"hot":	1
		}, {
			"id":	2,
			"kind":	2,
			"title_m":	"黄昏.mp3",
			"title_s":	"文件title_s",
			"descrip":	"2016-08-09 11:31:35",
			"picurl_m":	"http://192.168.2.110\n/static/file_png/mp3.png",
			"url":	"http://192.168.2.108/group1/M00/00/00/wKgCbFepTp2AUnd1AFRAAvu2TSg259.mp3",
			"pv":	2002,
			"hot":	0
		}, {
			"id":	3,
			"kind":	2,
			"title_m":	"01-nginx-市场占有率.png",
			"title_s":	"文件title_s",
			"descrip":	"2016-08-09 11:30:35",
			"picurl_m":	"http://192.168.2.110\n/static/file_png/png.png",
			"url":	"http://192.168.2.108/group1/M00/00/00/wKgCbFepTmGAQvuXAAEYXfRAMkc937.png",
			"pv":	2003,
			"hot":	1
		}, {
			"id":	4,
			"kind":	2,
			"title_m":	"小猫5.jpg",
			"title_s":	"文件title_s",
			"descrip":	"2016-08-09 11:06:10",
			"picurl_m":	"http://192.168.2.110\n/static/file_png/jpg.png",
			"url":	"http://192.168.2.108/group1/M00/00/00/wKgCbFepSKeASREwAAapfc9k6Rc011.jpg",
			"pv":	2004,
			"hot":	0
		}, {
			"id":	5,
			"kind":	2,
			"title_m":	"小猫6.jpg",
			"title_s":	"文件title_s",
			"descrip":	"2016-08-09 11:06:09",
			"picurl_m":	"http://192.168.2.110\n/static/file_png/jpg.png",
			"url":	"http://192.168.2.108/group1/M00/00/00/wKgCbFepSKeAOkV4AAY7zSGunKE058.jpg",
			"pv":	2005,
			"hot":	1
		}, {
			"id":	6,
			"kind":	2,
			"title_m":	"猫4.jpg",
			"title_s":	"文件title_s",
			"descrip":	"2016-08-09 11:06:09",
			"picurl_m":	"http://192.168.2.110\n/static/file_png/jpg.png",
			"url":	"http://192.168.2.108/group1/M00/00/00/wKgCbFepSKeARhoLAAXsKfNoK_k046.jpg",
			"pv":	2006,
			"hot":	0
		}, {
			"id":	7,
			"kind":	2,
			"title_m":	"猫2.jpg",
			"title_s":	"文件title_s",
			"descrip":	"2016-08-09 11:06:09",
			"picurl_m":	"http://192.168.2.110\n/static/file_png/jpg.png",
			"url":	"http://192.168.2.108/group1/M00/00/00/wKgCbFepSKeAADFfAAbuwxC1bYU619.jpg",
			"pv":	2007,
			"hot":	1
		}]
}
===20160811-175949,print_file_list_json[55]=== fromId:0, count:0
===20160811-175949,print_file_list_json[65]=== value_num=0

===20160811-175949,print_file_list_json[127]=== {
	"games":	[]
}
===20160811-175949,print_file_list_json[55]=== fromId:0, count:8
===20160811-175949,print_file_list_json[65]=== value_num=8

===20160811-175949,print_file_list_json[82]=== filename=python-网络爬虫.pdf

===20160811-175949,print_file_list_json[92]=== create_time=2016-08-09 11:39:24

===20160811-175949,print_file_list_json[108]=== file_url=http://192.168.2.108/group1/M00/00/00/wKgCbFepUHGAUTOhAP_fjuN0kbA670.pdf

===20160811-175949,print_file_list_json[82]=== filename=阶段测试_STL_数据结构.rar

===20160811-175949,print_file_list_json[92]=== create_time=2016-08-09 11:34:23

===20160811-175949,print_file_list_json[108]=== file_url=http://192.168.2.108/group1/M00/00/00/wKgCbFepT0SAOBCtACjizOQy1fU405.rar

===20160811-175949,print_file_list_json[82]=== filename=黄昏.mp3

===20160811-175949,print_file_list_json[92]=== create_time=2016-08-09 11:31:35

===20160811-175949,print_file_list_json[108]=== file_url=http://192.168.2.108/group1/M00/00/00/wKgCbFepTp2AUnd1AFRAAvu2TSg259.mp3

===20160811-175949,print_file_list_json[82]=== filename=01-nginx-市场占有率.png

===20160811-175949,print_file_list_json[92]=== create_time=2016-08-09 11:30:35

===20160811-175949,print_file_list_json[108]=== file_url=http://192.168.2.108/group1/M00/00/00/wKgCbFepTmGAQvuXAAEYXfRAMkc937.png

===20160811-175949,print_file_list_json[82]=== filename=小猫5.jpg

===20160811-175949,print_file_list_json[92]=== create_time=2016-08-09 11:06:10

===20160811-175949,print_file_list_json[108]=== file_url=http://192.168.2.108/group1/M00/00/00/wKgCbFepSKeASREwAAapfc9k6Rc011.jpg

===20160811-175949,print_file_list_json[82]=== filename=小猫6.jpg

===20160811-175949,print_file_list_json[92]=== create_time=2016-08-09 11:06:09

===20160811-175949,print_file_list_json[108]=== file_url=http://192.168.2.108/group1/M00/00/00/wKgCbFepSKeAOkV4AAY7zSGunKE058.jpg

===20160811-175949,print_file_list_json[82]=== filename=猫4.jpg

===20160811-175949,print_file_list_json[92]=== create_time=2016-08-09 11:06:09

===20160811-175949,print_file_list_json[108]=== file_url=http://192.168.2.108/group1/M00/00/00/wKgCbFepSKeARhoLAAXsKfNoK_k046.jpg

===20160811-175949,print_file_list_json[82]=== filename=猫2.jpg

===20160811-175949,print_file_list_json[92]=== create_time=2016-08-09 11:06:09

===20160811-175949,print_file_list_json[108]=== file_url=http://192.168.2.108/group1/M00/00/00/wKgCbFepSKeAADFfAAbuwxC1bYU619.jpg

===20160811-175949,print_file_list_json[127]=== {
	"games":	[{
			"id":	0,
			"kind":	2,
			"title_m":	"python-网络爬虫.pdf",
			"title_s":	"文件title_s",
			"descrip":	"2016-08-09 11:39:24",
			"picurl_m":	"http://192.168.2.110\n/static/file_png/pdf.png",
			"url":	"http://192.168.2.108/group1/M00/00/00/wKgCbFepUHGAUTOhAP_fjuN0kbA670.pdf",
			"pv":	2000,
			"hot":	0
		}, {
			"id":	1,
			"kind":	2,
			"title_m":	"阶段测试_STL_数据结构.rar",
			"title_s":	"文件title_s",
			"descrip":	"2016-08-09 11:34:23",
			"picurl_m":	"http://192.168.2.110\n/static/file_png/rar.png",
			"url":	"http://192.168.2.108/group1/M00/00/00/wKgCbFepT0SAOBCtACjizOQy1fU405.rar",
			"pv":	2001,
			"hot":	1
		}, {
			"id":	2,
			"kind":	2,
			"title_m":	"黄昏.mp3",
			"title_s":	"文件title_s",
			"descrip":	"2016-08-09 11:31:35",
			"picurl_m":	"http://192.168.2.110\n/static/file_png/mp3.png",
			"url":	"http://192.168.2.108/group1/M00/00/00/wKgCbFepTp2AUnd1AFRAAvu2TSg259.mp3",
			"pv":	2002,
			"hot":	0
		}, {
			"id":	3,
			"kind":	2,
			"title_m":	"01-nginx-市场占有率.png",
			"title_s":	"文件title_s",
			"descrip":	"2016-08-09 11:30:35",
			"picurl_m":	"http://192.168.2.110\n/static/file_png/png.png",
			"url":	"http://192.168.2.108/group1/M00/00/00/wKgCbFepTmGAQvuXAAEYXfRAMkc937.png",
			"pv":	2003,
			"hot":	1
		}, {
			"id":	4,
			"kind":	2,
			"title_m":	"小猫5.jpg",
			"title_s":	"文件title_s",
			"descrip":	"2016-08-09 11:06:10",
			"picurl_m":	"http://192.168.2.110\n/static/file_png/jpg.png",
			"url":	"http://192.168.2.108/group1/M00/00/00/wKgCbFepSKeASREwAAapfc9k6Rc011.jpg",
			"pv":	2004,
			"hot":	0
		}, {
			"id":	5,
			"kind":	2,
			"title_m":	"小猫6.jpg",
			"title_s":	"文件title_s",
			"descrip":	"2016-08-09 11:06:09",
			"picurl_m":	"http://192.168.2.110\n/static/file_png/jpg.png",
			"url":	"http://192.168.2.108/group1/M00/00/00/wKgCbFepSKeAOkV4AAY7zSGunKE058.jpg",
			"pv":	2005,
			"hot":	1
		}, {
			"id":	6,
			"kind":	2,
			"title_m":	"猫4.jpg",
			"title_s":	"文件title_s",
			"descrip":	"2016-08-09 11:06:09",
			"picurl_m":	"http://192.168.2.110\n/static/file_png/jpg.png",
			"url":	"http://192.168.2.108/group1/M00/00/00/wKgCbFepSKeARhoLAAXsKfNoK_k046.jpg",
			"pv":	2006,
			"hot":	0
		}, {
			"id":	7,
			"kind":	2,
			"title_m":	"猫2.jpg",
			"title_s":	"文件title_s",
			"descrip":	"2016-08-09 11:06:09",
			"picurl_m":	"http://192.168.2.110\n/static/file_png/jpg.png",
			"url":	"http://192.168.2.108/group1/M00/00/00/wKgCbFepSKeAADFfAAbuwxC1bYU619.jpg",
			"pv":	2007,
			"hot":	1
		}]
}
===20160811-180234,print_file_list_json[55]=== fromId:0, count:0
===20160811-180234,print_file_list_json[65]=== value_num=0

===20160811-180234,print_file_list_json[127]=== {
	"games":	[]
}
===20160811-180234,print_file_list_json[55]=== fromId:0, count:8
===20160811-180234,print_file_list_json[65]=== value_num=8

===20160811-180234,print_file_list_json[82]=== filename=python-网络爬虫.pdf

===20160811-180234,print_file_list_json[92]=== create_time=2016-08-09 11:39:24

===20160811-180234,print_file_list_json[108]=== file_url=http://192.168.2.108/group1/M00/00/00/wKgCbFepUHGAUTOhAP_fjuN0kbA670.pdf

===20160811-180234,print_file_list_json[82]=== filename=阶段测试_STL_数据结构.rar

===20160811-180234,print_file_list_json[92]=== create_time=2016-08-09 11:34:23

===20160811-180234,print_file_list_json[108]=== file_url=http://192.168.2.108/group1/M00/00/00/wKgCbFepT0SAOBCtACjizOQy1fU405.rar

===20160811-180234,print_file_list_json[82]=== filename=黄昏.mp3

===20160811-180234,print_file_list_json[92]=== create_time=2016-08-09 11:31:35

===20160811-180234,print_file_list_json[108]=== file_url=http://192.168.2.108/group1/M00/00/00/wKgCbFepTp2AUnd1AFRAAvu2TSg259.mp3

===20160811-180234,print_file_list_json[82]=== filename=01-nginx-市场占有率.png

===20160811-180234,print_file_list_json[92]=== create_time=2016-08-09 11:30:35

===20160811-180234,print_file_list_json[108]=== file_url=http://192.168.2.108/group1/M00/00/00/wKgCbFepTmGAQvuXAAEYXfRAMkc937.png

===20160811-180234,print_file_list_json[82]=== filename=小猫5.jpg

===20160811-180234,print_file_list_json[92]=== create_time=2016-08-09 11:06:10

===20160811-180234,print_file_list_json[108]=== file_url=http://192.168.2.108/group1/M00/00/00/wKgCbFepSKeASREwAAapfc9k6Rc011.jpg

===20160811-180234,print_file_list_json[82]=== filename=小猫6.jpg

===20160811-180234,print_file_list_json[92]=== create_time=2016-08-09 11:06:09

===20160811-180234,print_file_list_json[108]=== file_url=http://192.168.2.108/group1/M00/00/00/wKgCbFepSKeAOkV4AAY7zSGunKE058.jpg

===20160811-180234,print_file_list_json[82]=== filename=猫4.jpg

===20160811-180234,print_file_list_json[92]=== create_time=2016-08-09 11:06:09

===20160811-180234,print_file_list_json[108]=== file_url=http://192.168.2.108/group1/M00/00/00/wKgCbFepSKeARhoLAAXsKfNoK_k046.jpg

===20160811-180234,print_file_list_json[82]=== filename=猫2.jpg

===20160811-180234,print_file_list_json[92]=== create_time=2016-08-09 11:06:09

===20160811-180234,print_file_list_json[108]=== file_url=http://192.168.2.108/group1/M00/00/00/wKgCbFepSKeAADFfAAbuwxC1bYU619.jpg

===20160811-180234,print_file_list_json[127]=== {
	"games":	[{
			"id":	0,
			"kind":	2,
			"title_m":	"python-网络爬虫.pdf",
			"title_s":	"文件title_s",
			"descrip":	"2016-08-09 11:39:24",
			"picurl_m":	"http://192.168.2.110\n/static/file_png/pdf.png",
			"url":	"http://192.168.2.108/group1/M00/00/00/wKgCbFepUHGAUTOhAP_fjuN0kbA670.pdf",
			"pv":	2000,
			"hot":	0
		}, {
			"id":	1,
			"kind":	2,
			"title_m":	"阶段测试_STL_数据结构.rar",
			"title_s":	"文件title_s",
			"descrip":	"2016-08-09 11:34:23",
			"picurl_m":	"http://192.168.2.110\n/static/file_png/rar.png",
			"url":	"http://192.168.2.108/group1/M00/00/00/wKgCbFepT0SAOBCtACjizOQy1fU405.rar",
			"pv":	2001,
			"hot":	1
		}, {
			"id":	2,
			"kind":	2,
			"title_m":	"黄昏.mp3",
			"title_s":	"文件title_s",
			"descrip":	"2016-08-09 11:31:35",
			"picurl_m":	"http://192.168.2.110\n/static/file_png/mp3.png",
			"url":	"http://192.168.2.108/group1/M00/00/00/wKgCbFepTp2AUnd1AFRAAvu2TSg259.mp3",
			"pv":	2002,
			"hot":	0
		}, {
			"id":	3,
			"kind":	2,
			"title_m":	"01-nginx-市场占有率.png",
			"title_s":	"文件title_s",
			"descrip":	"2016-08-09 11:30:35",
			"picurl_m":	"http://192.168.2.110\n/static/file_png/png.png",
			"url":	"http://192.168.2.108/group1/M00/00/00/wKgCbFepTmGAQvuXAAEYXfRAMkc937.png",
			"pv":	2003,
			"hot":	1
		}, {
			"id":	4,
			"kind":	2,
			"title_m":	"小猫5.jpg",
			"title_s":	"文件title_s",
			"descrip":	"2016-08-09 11:06:10",
			"picurl_m":	"http://192.168.2.110\n/static/file_png/jpg.png",
			"url":	"http://192.168.2.108/group1/M00/00/00/wKgCbFepSKeASREwAAapfc9k6Rc011.jpg",
			"pv":	2004,
			"hot":	0
		}, {
			"id":	5,
			"kind":	2,
			"title_m":	"小猫6.jpg",
			"title_s":	"文件title_s",
			"descrip":	"2016-08-09 11:06:09",
			"picurl_m":	"http://192.168.2.110\n/static/file_png/jpg.png",
			"url":	"http://192.168.2.108/group1/M00/00/00/wKgCbFepSKeAOkV4AAY7zSGunKE058.jpg",
			"pv":	2005,
			"hot":	1
		}, {
			"id":	6,
			"kind":	2,
			"title_m":	"猫4.jpg",
			"title_s":	"文件title_s",
			"descrip":	"2016-08-09 11:06:09",
			"picurl_m":	"http://192.168.2.110\n/static/file_png/jpg.png",
			"url":	"http://192.168.2.108/group1/M00/00/00/wKgCbFepSKeARhoLAAXsKfNoK_k046.jpg",
			"pv":	2006,
			"hot":	0
		}, {
			"id":	7,
			"kind":	2,
			"title_m":	"猫2.jpg",
			"title_s":	"文件title_s",
			"descrip":	"2016-08-09 11:06:09",
			"picurl_m":	"http://192.168.2.110\n/static/file_png/jpg.png",
			"url":	"http://192.168.2.108/group1/M00/00/00/wKgCbFepSKeAADFfAAbuwxC1bYU619.jpg",
			"pv":	2007,
			"hot":	1
		}]
}
===20160811-180247,print_file_list_json[55]=== fromId:0, count:8
===20160811-180247,print_file_list_json[65]=== value_num=8

===20160811-180247,print_file_list_json[82]=== filename=python-网络爬虫.pdf

===20160811-180247,print_file_list_json[92]=== create_time=2016-08-09 11:39:24

===20160811-180247,print_file_list_json[108]=== file_url=http://192.168.2.108/group1/M00/00/00/wKgCbFepUHGAUTOhAP_fjuN0kbA670.pdf

===20160811-180247,print_file_list_json[82]=== filename=阶段测试_STL_数据结构.rar

===20160811-180247,print_file_list_json[92]=== create_time=2016-08-09 11:34:23

===20160811-180247,print_file_list_json[108]=== file_url=http://192.168.2.108/group1/M00/00/00/wKgCbFepT0SAOBCtACjizOQy1fU405.rar

===20160811-180247,print_file_list_json[82]=== filename=黄昏.mp3

===20160811-180247,print_file_list_json[92]=== create_time=2016-08-09 11:31:35

===20160811-180247,print_file_list_json[108]=== file_url=http://192.168.2.108/group1/M00/00/00/wKgCbFepTp2AUnd1AFRAAvu2TSg259.mp3

===20160811-180247,print_file_list_json[82]=== filename=01-nginx-市场占有率.png

===20160811-180247,print_file_list_json[92]=== create_time=2016-08-09 11:30:35

===20160811-180247,print_file_list_json[108]=== file_url=http://192.168.2.108/group1/M00/00/00/wKgCbFepTmGAQvuXAAEYXfRAMkc937.png

===20160811-180247,print_file_list_json[82]=== filename=小猫5.jpg

===20160811-180247,print_file_list_json[92]=== create_time=2016-08-09 11:06:10

===20160811-180247,print_file_list_json[108]=== file_url=http://192.168.2.108/group1/M00/00/00/wKgCbFepSKeASREwAAapfc9k6Rc011.jpg

===20160811-180247,print_file_list_json[82]=== filename=小猫6.jpg

===20160811-180247,print_file_list_json[92]=== create_time=2016-08-09 11:06:09

===20160811-180247,print_file_list_json[108]=== file_url=http://192.168.2.108/group1/M00/00/00/wKgCbFepSKeAOkV4AAY7zSGunKE058.jpg

===20160811-180247,print_file_list_json[82]=== filename=猫4.jpg

===20160811-180247,print_file_list_json[92]=== create_time=2016-08-09 11:06:09

===20160811-180247,print_file_list_json[108]=== file_url=http://192.168.2.108/group1/M00/00/00/wKgCbFepSKeARhoLAAXsKfNoK_k046.jpg

===20160811-180247,print_file_list_json[82]=== filename=猫2.jpg

===20160811-180247,print_file_list_json[92]=== create_time=2016-08-09 11:06:09

===20160811-180247,print_file_list_json[108]=== file_url=http://192.168.2.108/group1/M00/00/00/wKgCbFepSKeAADFfAAbuwxC1bYU619.jpg

===20160811-180247,print_file_list_json[127]=== {
	"games":	[{
			"id":	0,
			"kind":	2,
			"title_m":	"python-网络爬虫.pdf",
			"title_s":	"文件title_s",
			"descrip":	"2016-08-09 11:39:24",
			"picurl_m":	"http://192.168.2.110\n/static/file_png/pdf.png",
			"url":	"http://192.168.2.108/group1/M00/00/00/wKgCbFepUHGAUTOhAP_fjuN0kbA670.pdf",
			"pv":	2000,
			"hot":	0
		}, {
			"id":	1,
			"kind":	2,
			"title_m":	"阶段测试_STL_数据结构.rar",
			"title_s":	"文件title_s",
			"descrip":	"2016-08-09 11:34:23",
			"picurl_m":	"http://192.168.2.110\n/static/file_png/rar.png",
			"url":	"http://192.168.2.108/group1/M00/00/00/wKgCbFepT0SAOBCtACjizOQy1fU405.rar",
			"pv":	2001,
			"hot":	1
		}, {
			"id":	2,
			"kind":	2,
			"title_m":	"黄昏.mp3",
			"title_s":	"文件title_s",
			"descrip":	"2016-08-09 11:31:35",
			"picurl_m":	"http://192.168.2.110\n/static/file_png/mp3.png",
			"url":	"http://192.168.2.108/group1/M00/00/00/wKgCbFepTp2AUnd1AFRAAvu2TSg259.mp3",
			"pv":	2002,
			"hot":	0
		}, {
			"id":	3,
			"kind":	2,
			"title_m":	"01-nginx-市场占有率.png",
			"title_s":	"文件title_s",
			"descrip":	"2016-08-09 11:30:35",
			"picurl_m":	"http://192.168.2.110\n/static/file_png/png.png",
			"url":	"http://192.168.2.108/group1/M00/00/00/wKgCbFepTmGAQvuXAAEYXfRAMkc937.png",
			"pv":	2003,
			"hot":	1
		}, {
			"id":	4,
			"kind":	2,
			"title_m":	"小猫5.jpg",
			"title_s":	"文件title_s",
			"descrip":	"2016-08-09 11:06:10",
			"picurl_m":	"http://192.168.2.110\n/static/file_png/jpg.png",
			"url":	"http://192.168.2.108/group1/M00/00/00/wKgCbFepSKeASREwAAapfc9k6Rc011.jpg",
			"pv":	2004,
			"hot":	0
		}, {
			"id":	5,
			"kind":	2,
			"title_m":	"小猫6.jpg",
			"title_s":	"文件title_s",
			"descrip":	"2016-08-09 11:06:09",
			"picurl_m":	"http://192.168.2.110\n/static/file_png/jpg.png",
			"url":	"http://192.168.2.108/group1/M00/00/00/wKgCbFepSKeAOkV4AAY7zSGunKE058.jpg",
			"pv":	2005,
			"hot":	1
		}, {
			"id":	6,
			"kind":	2,
			"title_m":	"猫4.jpg",
			"title_s":	"文件title_s",
			"descrip":	"2016-08-09 11:06:09",
			"picurl_m":	"http://192.168.2.110\n/static/file_png/jpg.png",
			"url":	"http://192.168.2.108/group1/M00/00/00/wKgCbFepSKeARhoLAAXsKfNoK_k046.jpg",
			"pv":	2006,
			"hot":	0
		}, {
			"id":	7,
			"kind":	2,
			"title_m":	"猫2.jpg",
			"title_s":	"文件title_s",
			"descrip":	"2016-08-09 11:06:09",
			"picurl_m":	"http://192.168.2.110\n/static/file_png/jpg.png",
			"url":	"http://192.168.2.108/group1/M00/00/00/wKgCbFepSKeAADFfAAbuwxC1bYU619.jpg",
			"pv":	2007,
			"hot":	1
		}]
}
===20160811-180247,print_file_list_json[55]=== fromId:0, count:0
===20160811-180247,print_file_list_json[65]=== value_num=0

===20160811-180247,print_file_list_json[127]=== {
	"games":	[]
}
