===20160815-161359,main[183]=== === fromId:0, count:8, cmd:newFile, kind:
===20160815-161359,print_file_list_json[73]=== fromId:0, count:8
===20160815-161359,print_file_list_json[82]=== value_num=8

===20160815-161359,print_file_list_json[101]=== filename=python-网络爬虫.pdf

===20160815-161359,print_file_list_json[111]=== create_time=2016-08-09 11:39:24

===20160815-161359,print_file_list_json[127]=== file_url=http://192.168.2.108/group1/M00/00/00/wKgCbFepUHGAUTOhAP_fjuN0kbA670.pdf

===20160815-161359,print_file_list_json[101]=== filename=阶段测试_STL_数据结构.rar

===20160815-161359,print_file_list_json[111]=== create_time=2016-08-09 11:34:23

===20160815-161359,print_file_list_json[127]=== file_url=http://192.168.2.108/group1/M00/00/00/wKgCbFepT0SAOBCtACjizOQy1fU405.rar

===20160815-161359,print_file_list_json[101]=== filename=黄昏.mp3

===20160815-161359,print_file_list_json[111]=== create_time=2016-08-09 11:31:35

===20160815-161359,print_file_list_json[127]=== file_url=http://192.168.2.108/group1/M00/00/00/wKgCbFepTp2AUnd1AFRAAvu2TSg259.mp3

===20160815-161359,print_file_list_json[101]=== filename=01-nginx-市场占有率.png

===20160815-161359,print_file_list_json[111]=== create_time=2016-08-09 11:30:35

===20160815-161359,print_file_list_json[127]=== file_url=http://192.168.2.108/group1/M00/00/00/wKgCbFepTmGAQvuXAAEYXfRAMkc937.png

===20160815-161359,print_file_list_json[101]=== filename=小猫5.jpg

===20160815-161359,print_file_list_json[111]=== create_time=2016-08-09 11:06:10

===20160815-161359,print_file_list_json[127]=== file_url=http://192.168.2.108/group1/M00/00/00/wKgCbFepSKeASREwAAapfc9k6Rc011.jpg

===20160815-161359,print_file_list_json[101]=== filename=小猫6.jpg

===20160815-161359,print_file_list_json[111]=== create_time=2016-08-09 11:06:09

===20160815-161359,print_file_list_json[127]=== file_url=http://192.168.2.108/group1/M00/00/00/wKgCbFepSKeAOkV4AAY7zSGunKE058.jpg

===20160815-161359,print_file_list_json[101]=== filename=猫4.jpg

===20160815-161359,print_file_list_json[111]=== create_time=2016-08-09 11:06:09

===20160815-161359,print_file_list_json[127]=== file_url=http://192.168.2.108/group1/M00/00/00/wKgCbFepSKeARhoLAAXsKfNoK_k046.jpg

===20160815-161359,print_file_list_json[101]=== filename=猫2.jpg

===20160815-161359,print_file_list_json[111]=== create_time=2016-08-09 11:06:09

===20160815-161359,print_file_list_json[127]=== file_url=http://192.168.2.108/group1/M00/00/00/wKgCbFepSKeAADFfAAbuwxC1bYU619.jpg

===20160815-161359,print_file_list_json[148]=== {
	"games":	[{
			"id":	"group1/M00/00/00/wKgCbFepUHGAUTOhAP_fjuN0kbA670.pdf",
			"kind":	2,
			"title_m":	"python-网络爬虫.pdf",
			"title_s":	"文件title_s",
			"descrip":	"2016-08-09 11:39:24",
			"picurl_m":	"http://192.168.2.107/static/file_png/pdf.png",
			"url":	"http://192.168.2.108/group1/M00/00/00/wKgCbFepUHGAUTOhAP_fjuN0kbA670.pdf",
			"pv":	1,
			"hot":	0
		}, {
			"id":	"group1/M00/00/00/wKgCbFepT0SAOBCtACjizOQy1fU405.rar",
			"kind":	2,
			"title_m":	"阶段测试_STL_数据结构.rar",
			"title_s":	"文件title_s",
			"descrip":	"2016-08-09 11:34:23",
			"picurl_m":	"http://192.168.2.107/static/file_png/rar.png",
			"url":	"http://192.168.2.108/group1/M00/00/00/wKgCbFepT0SAOBCtACjizOQy1fU405.rar",
			"pv":	1,
			"hot":	0
		}, {
			"id":	"group1/M00/00/00/wKgCbFepTp2AUnd1AFRAAvu2TSg259.mp3",
			"kind":	2,
			"title_m":	"黄昏.mp3",
			"title_s":	"文件title_s",
			"descrip":	"2016-08-09 11:31:35",
			"picurl_m":	"http://192.168.2.107/static/file_png/mp3.png",
			"url":	"http://192.168.2.108/group1/M00/00/00/wKgCbFepTp2AUnd1AFRAAvu2TSg259.mp3",
			"pv":	5,
			"hot":	0
		}, {
			"id":	"group1/M00/00/00/wKgCbFepTmGAQvuXAAEYXfRAMkc937.png",
			"kind":	2,
			"title_m":	"01-nginx-市场占有率.png",
			"title_s":	"文件title_s",
			"descrip":	"2016-08-09 11:30:35",
			"picurl_m":	"http://192.168.2.107/static/file_png/png.png",
			"url":	"http://192.168.2.108/group1/M00/00/00/wKgCbFepTmGAQvuXAAEYXfRAMkc937.png",
			"pv":	2,
			"hot":	0
		}, {
			"id":	"group1/M00/00/00/wKgCbFepSKeASREwAAapfc9k6Rc011.jpg",
			"kind":	2,
			"title_m":	"小猫5.jpg",
			"title_s":	"文件title_s",
			"descrip":	"2016-08-09 11:06:10",
			"picurl_m":	"http://192.168.2.107/static/file_png/jpg.png",
			"url":	"http://192.168.2.108/group1/M00/00/00/wKgCbFepSKeASREwAAapfc9k6Rc011.jpg",
			"pv":	1,
			"hot":	0
		}, {
			"id":	"group1/M00/00/00/wKgCbFepSKeAOkV4AAY7zSGunKE058.jpg",
			"kind":	2,
			"title_m":	"小猫6.jpg",
			"title_s":	"文件title_s",
			"descrip":	"2016-08-09 11:06:09",
			"picurl_m":	"http://192.168.2.107/static/file_png/jpg.png",
			"url":	"http://192.168.2.108/group1/M00/00/00/wKgCbFepSKeAOkV4AAY7zSGunKE058.jpg",
			"pv":	0,
			"hot":	0
		}, {
			"id":	"group1/M00/00/00/wKgCbFepSKeARhoLAAXsKfNoK_k046.jpg",
			"kind":	2,
			"title_m":	"猫4.jpg",
			"title_s":	"文件title_s",
			"descrip":	"2016-08-09 11:06:09",
			"picurl_m":	"http://192.168.2.107/static/file_png/jpg.png",
			"url":	"http://192.168.2.108/group1/M00/00/00/wKgCbFepSKeARhoLAAXsKfNoK_k046.jpg",
			"pv":	0,
			"hot":	0
		}, {
			"id":	"group1/M00/00/00/wKgCbFepSKeAADFfAAbuwxC1bYU619.jpg",
			"kind":	2,
			"title_m":	"猫2.jpg",
			"title_s":	"文件title_s",
			"descrip":	"2016-08-09 11:06:09",
			"picurl_m":	"http://192.168.2.107/static/file_png/jpg.png",
			"url":	"http://192.168.2.108/group1/M00/00/00/wKgCbFepSKeAADFfAAbuwxC1bYU619.jpg",
			"pv":	0,
			"hot":	0
		}]
}
===20160815-161408,main[183]=== === fromId:0, count:8, cmd:newFile, kind:
===20160815-161408,print_file_list_json[73]=== fromId:0, count:8
===20160815-161408,print_file_list_json[82]=== value_num=8

===20160815-161408,print_file_list_json[101]=== filename=python-网络爬虫.pdf

===20160815-161408,print_file_list_json[111]=== create_time=2016-08-09 11:39:24

===20160815-161408,print_file_list_json[127]=== file_url=http://192.168.2.108/group1/M00/00/00/wKgCbFepUHGAUTOhAP_fjuN0kbA670.pdf

===20160815-161408,print_file_list_json[101]=== filename=阶段测试_STL_数据结构.rar

===20160815-161408,print_file_list_json[111]=== create_time=2016-08-09 11:34:23

===20160815-161408,print_file_list_json[127]=== file_url=http://192.168.2.108/group1/M00/00/00/wKgCbFepT0SAOBCtACjizOQy1fU405.rar

===20160815-161408,print_file_list_json[101]=== filename=黄昏.mp3

===20160815-161408,print_file_list_json[111]=== create_time=2016-08-09 11:31:35

===20160815-161408,print_file_list_json[127]=== file_url=http://192.168.2.108/group1/M00/00/00/wKgCbFepTp2AUnd1AFRAAvu2TSg259.mp3

===20160815-161408,print_file_list_json[101]=== filename=01-nginx-市场占有率.png

===20160815-161408,print_file_list_json[111]=== create_time=2016-08-09 11:30:35

===20160815-161408,print_file_list_json[127]=== file_url=http://192.168.2.108/group1/M00/00/00/wKgCbFepTmGAQvuXAAEYXfRAMkc937.png

===20160815-161408,print_file_list_json[101]=== filename=小猫5.jpg

===20160815-161408,print_file_list_json[111]=== create_time=2016-08-09 11:06:10

===20160815-161408,print_file_list_json[127]=== file_url=http://192.168.2.108/group1/M00/00/00/wKgCbFepSKeASREwAAapfc9k6Rc011.jpg

===20160815-161408,print_file_list_json[101]=== filename=小猫6.jpg

===20160815-161408,print_file_list_json[111]=== create_time=2016-08-09 11:06:09

===20160815-161408,print_file_list_json[127]=== file_url=http://192.168.2.108/group1/M00/00/00/wKgCbFepSKeAOkV4AAY7zSGunKE058.jpg

===20160815-161408,print_file_list_json[101]=== filename=猫4.jpg

===20160815-161408,print_file_list_json[111]=== create_time=2016-08-09 11:06:09

===20160815-161408,print_file_list_json[127]=== file_url=http://192.168.2.108/group1/M00/00/00/wKgCbFepSKeARhoLAAXsKfNoK_k046.jpg

===20160815-161408,print_file_list_json[101]=== filename=猫2.jpg

===20160815-161408,print_file_list_json[111]=== create_time=2016-08-09 11:06:09

===20160815-161408,print_file_list_json[127]=== file_url=http://192.168.2.108/group1/M00/00/00/wKgCbFepSKeAADFfAAbuwxC1bYU619.jpg

===20160815-161408,print_file_list_json[148]=== {
	"games":	[{
			"id":	"group1/M00/00/00/wKgCbFepUHGAUTOhAP_fjuN0kbA670.pdf",
			"kind":	2,
			"title_m":	"python-网络爬虫.pdf",
			"title_s":	"文件title_s",
			"descrip":	"2016-08-09 11:39:24",
			"picurl_m":	"http://192.168.2.107/static/file_png/pdf.png",
			"url":	"http://192.168.2.108/group1/M00/00/00/wKgCbFepUHGAUTOhAP_fjuN0kbA670.pdf",
			"pv":	1,
			"hot":	0
		}, {
			"id":	"group1/M00/00/00/wKgCbFepT0SAOBCtACjizOQy1fU405.rar",
			"kind":	2,
			"title_m":	"阶段测试_STL_数据结构.rar",
			"title_s":	"文件title_s",
			"descrip":	"2016-08-09 11:34:23",
			"picurl_m":	"http://192.168.2.107/static/file_png/rar.png",
			"url":	"http://192.168.2.108/group1/M00/00/00/wKgCbFepT0SAOBCtACjizOQy1fU405.rar",
			"pv":	1,
			"hot":	0
		}, {
			"id":	"group1/M00/00/00/wKgCbFepTp2AUnd1AFRAAvu2TSg259.mp3",
			"kind":	2,
			"title_m":	"黄昏.mp3",
			"title_s":	"文件title_s",
			"descrip":	"2016-08-09 11:31:35",
			"picurl_m":	"http://192.168.2.107/static/file_png/mp3.png",
			"url":	"http://192.168.2.108/group1/M00/00/00/wKgCbFepTp2AUnd1AFRAAvu2TSg259.mp3",
			"pv":	5,
			"hot":	0
		}, {
			"id":	"group1/M00/00/00/wKgCbFepTmGAQvuXAAEYXfRAMkc937.png",
			"kind":	2,
			"title_m":	"01-nginx-市场占有率.png",
			"title_s":	"文件title_s",
			"descrip":	"2016-08-09 11:30:35",
			"picurl_m":	"http://192.168.2.107/static/file_png/png.png",
			"url":	"http://192.168.2.108/group1/M00/00/00/wKgCbFepTmGAQvuXAAEYXfRAMkc937.png",
			"pv":	2,
			"hot":	0
		}, {
			"id":	"group1/M00/00/00/wKgCbFepSKeASREwAAapfc9k6Rc011.jpg",
			"kind":	2,
			"title_m":	"小猫5.jpg",
			"title_s":	"文件title_s",
			"descrip":	"2016-08-09 11:06:10",
			"picurl_m":	"http://192.168.2.107/static/file_png/jpg.png",
			"url":	"http://192.168.2.108/group1/M00/00/00/wKgCbFepSKeASREwAAapfc9k6Rc011.jpg",
			"pv":	1,
			"hot":	0
		}, {
			"id":	"group1/M00/00/00/wKgCbFepSKeAOkV4AAY7zSGunKE058.jpg",
			"kind":	2,
			"title_m":	"小猫6.jpg",
			"title_s":	"文件title_s",
			"descrip":	"2016-08-09 11:06:09",
			"picurl_m":	"http://192.168.2.107/static/file_png/jpg.png",
			"url":	"http://192.168.2.108/group1/M00/00/00/wKgCbFepSKeAOkV4AAY7zSGunKE058.jpg",
			"pv":	0,
			"hot":	0
		}, {
			"id":	"group1/M00/00/00/wKgCbFepSKeARhoLAAXsKfNoK_k046.jpg",
			"kind":	2,
			"title_m":	"猫4.jpg",
			"title_s":	"文件title_s",
			"descrip":	"2016-08-09 11:06:09",
			"picurl_m":	"http://192.168.2.107/static/file_png/jpg.png",
			"url":	"http://192.168.2.108/group1/M00/00/00/wKgCbFepSKeARhoLAAXsKfNoK_k046.jpg",
			"pv":	0,
			"hot":	0
		}, {
			"id":	"group1/M00/00/00/wKgCbFepSKeAADFfAAbuwxC1bYU619.jpg",
			"kind":	2,
			"title_m":	"猫2.jpg",
			"title_s":	"文件title_s",
			"descrip":	"2016-08-09 11:06:09",
			"picurl_m":	"http://192.168.2.107/static/file_png/jpg.png",
			"url":	"http://192.168.2.108/group1/M00/00/00/wKgCbFepSKeAADFfAAbuwxC1bYU619.jpg",
			"pv":	0,
			"hot":	0
		}]
}
===20160815-161505,main[183]=== === fromId:0, count:8, cmd:newFile, kind:
===20160815-161505,print_file_list_json[73]=== fromId:0, count:8
===20160815-161505,print_file_list_json[82]=== value_num=8

===20160815-161505,print_file_list_json[101]=== filename=python-网络爬虫.pdf

===20160815-161505,print_file_list_json[111]=== create_time=2016-08-09 11:39:24

===20160815-161505,print_file_list_json[127]=== file_url=http://192.168.2.108/group1/M00/00/00/wKgCbFepUHGAUTOhAP_fjuN0kbA670.pdf

===20160815-161505,print_file_list_json[101]=== filename=阶段测试_STL_数据结构.rar

===20160815-161505,print_file_list_json[111]=== create_time=2016-08-09 11:34:23

===20160815-161505,print_file_list_json[127]=== file_url=http://192.168.2.108/group1/M00/00/00/wKgCbFepT0SAOBCtACjizOQy1fU405.rar

===20160815-161505,print_file_list_json[101]=== filename=黄昏.mp3

===20160815-161505,print_file_list_json[111]=== create_time=2016-08-09 11:31:35

===20160815-161505,print_file_list_json[127]=== file_url=http://192.168.2.108/group1/M00/00/00/wKgCbFepTp2AUnd1AFRAAvu2TSg259.mp3

===20160815-161505,print_file_list_json[101]=== filename=01-nginx-市场占有率.png

===20160815-161505,print_file_list_json[111]=== create_time=2016-08-09 11:30:35

===20160815-161505,print_file_list_json[127]=== file_url=http://192.168.2.108/group1/M00/00/00/wKgCbFepTmGAQvuXAAEYXfRAMkc937.png

===20160815-161505,print_file_list_json[101]=== filename=小猫5.jpg

===20160815-161505,print_file_list_json[111]=== create_time=2016-08-09 11:06:10

===20160815-161505,print_file_list_json[127]=== file_url=http://192.168.2.108/group1/M00/00/00/wKgCbFepSKeASREwAAapfc9k6Rc011.jpg

===20160815-161505,print_file_list_json[101]=== filename=小猫6.jpg

===20160815-161505,print_file_list_json[111]=== create_time=2016-08-09 11:06:09

===20160815-161505,print_file_list_json[127]=== file_url=http://192.168.2.108/group1/M00/00/00/wKgCbFepSKeAOkV4AAY7zSGunKE058.jpg

===20160815-161505,print_file_list_json[101]=== filename=猫4.jpg

===20160815-161505,print_file_list_json[111]=== create_time=2016-08-09 11:06:09

===20160815-161505,print_file_list_json[127]=== file_url=http://192.168.2.108/group1/M00/00/00/wKgCbFepSKeARhoLAAXsKfNoK_k046.jpg

===20160815-161505,print_file_list_json[101]=== filename=猫2.jpg

===20160815-161505,print_file_list_json[111]=== create_time=2016-08-09 11:06:09

===20160815-161505,print_file_list_json[127]=== file_url=http://192.168.2.108/group1/M00/00/00/wKgCbFepSKeAADFfAAbuwxC1bYU619.jpg

===20160815-161505,print_file_list_json[148]=== {
	"games":	[{
			"id":	"group1/M00/00/00/wKgCbFepUHGAUTOhAP_fjuN0kbA670.pdf",
			"kind":	2,
			"title_m":	"python-网络爬虫.pdf",
			"title_s":	"文件title_s",
			"descrip":	"2016-08-09 11:39:24",
			"picurl_m":	"http://172.16.0.148/static/file_png/pdf.png",
			"url":	"http://192.168.2.108/group1/M00/00/00/wKgCbFepUHGAUTOhAP_fjuN0kbA670.pdf",
			"pv":	1,
			"hot":	0
		}, {
			"id":	"group1/M00/00/00/wKgCbFepT0SAOBCtACjizOQy1fU405.rar",
			"kind":	2,
			"title_m":	"阶段测试_STL_数据结构.rar",
			"title_s":	"文件title_s",
			"descrip":	"2016-08-09 11:34:23",
			"picurl_m":	"http://172.16.0.148/static/file_png/rar.png",
			"url":	"http://192.168.2.108/group1/M00/00/00/wKgCbFepT0SAOBCtACjizOQy1fU405.rar",
			"pv":	1,
			"hot":	0
		}, {
			"id":	"group1/M00/00/00/wKgCbFepTp2AUnd1AFRAAvu2TSg259.mp3",
			"kind":	2,
			"title_m":	"黄昏.mp3",
			"title_s":	"文件title_s",
			"descrip":	"2016-08-09 11:31:35",
			"picurl_m":	"http://172.16.0.148/static/file_png/mp3.png",
			"url":	"http://192.168.2.108/group1/M00/00/00/wKgCbFepTp2AUnd1AFRAAvu2TSg259.mp3",
			"pv":	5,
			"hot":	0
		}, {
			"id":	"group1/M00/00/00/wKgCbFepTmGAQvuXAAEYXfRAMkc937.png",
			"kind":	2,
			"title_m":	"01-nginx-市场占有率.png",
			"title_s":	"文件title_s",
			"descrip":	"2016-08-09 11:30:35",
			"picurl_m":	"http://172.16.0.148/static/file_png/png.png",
			"url":	"http://192.168.2.108/group1/M00/00/00/wKgCbFepTmGAQvuXAAEYXfRAMkc937.png",
			"pv":	2,
			"hot":	0
		}, {
			"id":	"group1/M00/00/00/wKgCbFepSKeASREwAAapfc9k6Rc011.jpg",
			"kind":	2,
			"title_m":	"小猫5.jpg",
			"title_s":	"文件title_s",
			"descrip":	"2016-08-09 11:06:10",
			"picurl_m":	"http://172.16.0.148/static/file_png/jpg.png",
			"url":	"http://192.168.2.108/group1/M00/00/00/wKgCbFepSKeASREwAAapfc9k6Rc011.jpg",
			"pv":	1,
			"hot":	0
		}, {
			"id":	"group1/M00/00/00/wKgCbFepSKeAOkV4AAY7zSGunKE058.jpg",
			"kind":	2,
			"title_m":	"小猫6.jpg",
			"title_s":	"文件title_s",
			"descrip":	"2016-08-09 11:06:09",
			"picurl_m":	"http://172.16.0.148/static/file_png/jpg.png",
			"url":	"http://192.168.2.108/group1/M00/00/00/wKgCbFepSKeAOkV4AAY7zSGunKE058.jpg",
			"pv":	0,
			"hot":	0
		}, {
			"id":	"group1/M00/00/00/wKgCbFepSKeARhoLAAXsKfNoK_k046.jpg",
			"kind":	2,
			"title_m":	"猫4.jpg",
			"title_s":	"文件title_s",
			"descrip":	"2016-08-09 11:06:09",
			"picurl_m":	"http://172.16.0.148/static/file_png/jpg.png",
			"url":	"http://192.168.2.108/group1/M00/00/00/wKgCbFepSKeARhoLAAXsKfNoK_k046.jpg",
			"pv":	0,
			"hot":	0
		}, {
			"id":	"group1/M00/00/00/wKgCbFepSKeAADFfAAbuwxC1bYU619.jpg",
			"kind":	2,
			"title_m":	"猫2.jpg",
			"title_s":	"文件title_s",
			"descrip":	"2016-08-09 11:06:09",
			"picurl_m":	"http://172.16.0.148/static/file_png/jpg.png",
			"url":	"http://192.168.2.108/group1/M00/00/00/wKgCbFepSKeAADFfAAbuwxC1bYU619.jpg",
			"pv":	0,
			"hot":	0
		}]
}
===20160815-171200,main[183]=== === fromId:0, count:8, cmd:newFile, kind:
===20160815-171200,print_file_list_json[73]=== fromId:0, count:8
===20160815-171200,print_file_list_json[82]=== value_num=8

===20160815-171200,print_file_list_json[101]=== filename=python-网络爬虫.pdf

===20160815-171200,print_file_list_json[111]=== create_time=2016-08-09 11:39:24

===20160815-171200,print_file_list_json[127]=== file_url=http://192.168.2.108/group1/M00/00/00/wKgCbFepUHGAUTOhAP_fjuN0kbA670.pdf

===20160815-171200,print_file_list_json[101]=== filename=阶段测试_STL_数据结构.rar

===20160815-171200,print_file_list_json[111]=== create_time=2016-08-09 11:34:23

===20160815-171200,print_file_list_json[127]=== file_url=http://192.168.2.108/group1/M00/00/00/wKgCbFepT0SAOBCtACjizOQy1fU405.rar

===20160815-171200,print_file_list_json[101]=== filename=黄昏.mp3

===20160815-171200,print_file_list_json[111]=== create_time=2016-08-09 11:31:35

===20160815-171200,print_file_list_json[127]=== file_url=http://192.168.2.108/group1/M00/00/00/wKgCbFepTp2AUnd1AFRAAvu2TSg259.mp3

===20160815-171200,print_file_list_json[101]=== filename=01-nginx-市场占有率.png

===20160815-171200,print_file_list_json[111]=== create_time=2016-08-09 11:30:35

===20160815-171200,print_file_list_json[127]=== file_url=http://192.168.2.108/group1/M00/00/00/wKgCbFepTmGAQvuXAAEYXfRAMkc937.png

===20160815-171200,print_file_list_json[101]=== filename=小猫5.jpg

===20160815-171200,print_file_list_json[111]=== create_time=2016-08-09 11:06:10

===20160815-171200,print_file_list_json[127]=== file_url=http://192.168.2.108/group1/M00/00/00/wKgCbFepSKeASREwAAapfc9k6Rc011.jpg

===20160815-171200,print_file_list_json[101]=== filename=小猫6.jpg

===20160815-171200,print_file_list_json[111]=== create_time=2016-08-09 11:06:09

===20160815-171200,print_file_list_json[127]=== file_url=http://192.168.2.108/group1/M00/00/00/wKgCbFepSKeAOkV4AAY7zSGunKE058.jpg

===20160815-171200,print_file_list_json[101]=== filename=猫4.jpg

===20160815-171200,print_file_list_json[111]=== create_time=2016-08-09 11:06:09

===20160815-171200,print_file_list_json[127]=== file_url=http://192.168.2.108/group1/M00/00/00/wKgCbFepSKeARhoLAAXsKfNoK_k046.jpg

===20160815-171200,print_file_list_json[101]=== filename=猫2.jpg

===20160815-171200,print_file_list_json[111]=== create_time=2016-08-09 11:06:09

===20160815-171200,print_file_list_json[127]=== file_url=http://192.168.2.108/group1/M00/00/00/wKgCbFepSKeAADFfAAbuwxC1bYU619.jpg

===20160815-171200,print_file_list_json[148]=== {
	"games":	[{
			"id":	"group1/M00/00/00/wKgCbFepUHGAUTOhAP_fjuN0kbA670.pdf",
			"kind":	2,
			"title_m":	"python-网络爬虫.pdf",
			"title_s":	"文件title_s",
			"descrip":	"2016-08-09 11:39:24",
			"picurl_m":	"http://172.16.0.148/static/file_png/pdf.png",
			"url":	"http://192.168.2.108/group1/M00/00/00/wKgCbFepUHGAUTOhAP_fjuN0kbA670.pdf",
			"pv":	1,
			"hot":	0
		}, {
			"id":	"group1/M00/00/00/wKgCbFepT0SAOBCtACjizOQy1fU405.rar",
			"kind":	2,
			"title_m":	"阶段测试_STL_数据结构.rar",
			"title_s":	"文件title_s",
			"descrip":	"2016-08-09 11:34:23",
			"picurl_m":	"http://172.16.0.148/static/file_png/rar.png",
			"url":	"http://192.168.2.108/group1/M00/00/00/wKgCbFepT0SAOBCtACjizOQy1fU405.rar",
			"pv":	1,
			"hot":	0
		}, {
			"id":	"group1/M00/00/00/wKgCbFepTp2AUnd1AFRAAvu2TSg259.mp3",
			"kind":	2,
			"title_m":	"黄昏.mp3",
			"title_s":	"文件title_s",
			"descrip":	"2016-08-09 11:31:35",
			"picurl_m":	"http://172.16.0.148/static/file_png/mp3.png",
			"url":	"http://192.168.2.108/group1/M00/00/00/wKgCbFepTp2AUnd1AFRAAvu2TSg259.mp3",
			"pv":	5,
			"hot":	0
		}, {
			"id":	"group1/M00/00/00/wKgCbFepTmGAQvuXAAEYXfRAMkc937.png",
			"kind":	2,
			"title_m":	"01-nginx-市场占有率.png",
			"title_s":	"文件title_s",
			"descrip":	"2016-08-09 11:30:35",
			"picurl_m":	"http://172.16.0.148/static/file_png/png.png",
			"url":	"http://192.168.2.108/group1/M00/00/00/wKgCbFepTmGAQvuXAAEYXfRAMkc937.png",
			"pv":	2,
			"hot":	0
		}, {
			"id":	"group1/M00/00/00/wKgCbFepSKeASREwAAapfc9k6Rc011.jpg",
			"kind":	2,
			"title_m":	"小猫5.jpg",
			"title_s":	"文件title_s",
			"descrip":	"2016-08-09 11:06:10",
			"picurl_m":	"http://172.16.0.148/static/file_png/jpg.png",
			"url":	"http://192.168.2.108/group1/M00/00/00/wKgCbFepSKeASREwAAapfc9k6Rc011.jpg",
			"pv":	1,
			"hot":	0
		}, {
			"id":	"group1/M00/00/00/wKgCbFepSKeAOkV4AAY7zSGunKE058.jpg",
			"kind":	2,
			"title_m":	"小猫6.jpg",
			"title_s":	"文件title_s",
			"descrip":	"2016-08-09 11:06:09",
			"picurl_m":	"http://172.16.0.148/static/file_png/jpg.png",
			"url":	"http://192.168.2.108/group1/M00/00/00/wKgCbFepSKeAOkV4AAY7zSGunKE058.jpg",
			"pv":	0,
			"hot":	0
		}, {
			"id":	"group1/M00/00/00/wKgCbFepSKeARhoLAAXsKfNoK_k046.jpg",
			"kind":	2,
			"title_m":	"猫4.jpg",
			"title_s":	"文件title_s",
			"descrip":	"2016-08-09 11:06:09",
			"picurl_m":	"http://172.16.0.148/static/file_png/jpg.png",
			"url":	"http://192.168.2.108/group1/M00/00/00/wKgCbFepSKeARhoLAAXsKfNoK_k046.jpg",
			"pv":	0,
			"hot":	0
		}, {
			"id":	"group1/M00/00/00/wKgCbFepSKeAADFfAAbuwxC1bYU619.jpg",
			"kind":	2,
			"title_m":	"猫2.jpg",
			"title_s":	"文件title_s",
			"descrip":	"2016-08-09 11:06:09",
			"picurl_m":	"http://172.16.0.148/static/file_png/jpg.png",
			"url":	"http://192.168.2.108/group1/M00/00/00/wKgCbFepSKeAADFfAAbuwxC1bYU619.jpg",
			"pv":	0,
			"hot":	0
		}]
}
===20160815-171204,main[183]=== === fromId:0, count:8, cmd:newFile, kind:
===20160815-171204,print_file_list_json[73]=== fromId:0, count:8
===20160815-171204,print_file_list_json[82]=== value_num=8

===20160815-171204,print_file_list_json[101]=== filename=python-网络爬虫.pdf

===20160815-171204,print_file_list_json[111]=== create_time=2016-08-09 11:39:24

===20160815-171204,print_file_list_json[127]=== file_url=http://192.168.2.108/group1/M00/00/00/wKgCbFepUHGAUTOhAP_fjuN0kbA670.pdf

===20160815-171204,print_file_list_json[101]=== filename=阶段测试_STL_数据结构.rar

===20160815-171204,print_file_list_json[111]=== create_time=2016-08-09 11:34:23

===20160815-171204,print_file_list_json[127]=== file_url=http://192.168.2.108/group1/M00/00/00/wKgCbFepT0SAOBCtACjizOQy1fU405.rar

===20160815-171204,print_file_list_json[101]=== filename=黄昏.mp3

===20160815-171204,print_file_list_json[111]=== create_time=2016-08-09 11:31:35

===20160815-171204,print_file_list_json[127]=== file_url=http://192.168.2.108/group1/M00/00/00/wKgCbFepTp2AUnd1AFRAAvu2TSg259.mp3

===20160815-171204,print_file_list_json[101]=== filename=01-nginx-市场占有率.png

===20160815-171204,print_file_list_json[111]=== create_time=2016-08-09 11:30:35

===20160815-171204,print_file_list_json[127]=== file_url=http://192.168.2.108/group1/M00/00/00/wKgCbFepTmGAQvuXAAEYXfRAMkc937.png

===20160815-171204,print_file_list_json[101]=== filename=小猫5.jpg

===20160815-171204,print_file_list_json[111]=== create_time=2016-08-09 11:06:10

===20160815-171204,print_file_list_json[127]=== file_url=http://192.168.2.108/group1/M00/00/00/wKgCbFepSKeASREwAAapfc9k6Rc011.jpg

===20160815-171204,print_file_list_json[101]=== filename=小猫6.jpg

===20160815-171204,print_file_list_json[111]=== create_time=2016-08-09 11:06:09

===20160815-171204,print_file_list_json[127]=== file_url=http://192.168.2.108/group1/M00/00/00/wKgCbFepSKeAOkV4AAY7zSGunKE058.jpg

===20160815-171204,print_file_list_json[101]=== filename=猫4.jpg

===20160815-171204,print_file_list_json[111]=== create_time=2016-08-09 11:06:09

===20160815-171204,print_file_list_json[127]=== file_url=http://192.168.2.108/group1/M00/00/00/wKgCbFepSKeARhoLAAXsKfNoK_k046.jpg

===20160815-171204,print_file_list_json[101]=== filename=猫2.jpg

===20160815-171204,print_file_list_json[111]=== create_time=2016-08-09 11:06:09

===20160815-171204,print_file_list_json[127]=== file_url=http://192.168.2.108/group1/M00/00/00/wKgCbFepSKeAADFfAAbuwxC1bYU619.jpg

===20160815-171204,print_file_list_json[148]=== {
	"games":	[{
			"id":	"group1/M00/00/00/wKgCbFepUHGAUTOhAP_fjuN0kbA670.pdf",
			"kind":	2,
			"title_m":	"python-网络爬虫.pdf",
			"title_s":	"文件title_s",
			"descrip":	"2016-08-09 11:39:24",
			"picurl_m":	"http://172.16.0.148/static/file_png/pdf.png",
			"url":	"http://192.168.2.108/group1/M00/00/00/wKgCbFepUHGAUTOhAP_fjuN0kbA670.pdf",
			"pv":	1,
			"hot":	0
		}, {
			"id":	"group1/M00/00/00/wKgCbFepT0SAOBCtACjizOQy1fU405.rar",
			"kind":	2,
			"title_m":	"阶段测试_STL_数据结构.rar",
			"title_s":	"文件title_s",
			"descrip":	"2016-08-09 11:34:23",
			"picurl_m":	"http://172.16.0.148/static/file_png/rar.png",
			"url":	"http://192.168.2.108/group1/M00/00/00/wKgCbFepT0SAOBCtACjizOQy1fU405.rar",
			"pv":	1,
			"hot":	0
		}, {
			"id":	"group1/M00/00/00/wKgCbFepTp2AUnd1AFRAAvu2TSg259.mp3",
			"kind":	2,
			"title_m":	"黄昏.mp3",
			"title_s":	"文件title_s",
			"descrip":	"2016-08-09 11:31:35",
			"picurl_m":	"http://172.16.0.148/static/file_png/mp3.png",
			"url":	"http://192.168.2.108/group1/M00/00/00/wKgCbFepTp2AUnd1AFRAAvu2TSg259.mp3",
			"pv":	5,
			"hot":	0
		}, {
			"id":	"group1/M00/00/00/wKgCbFepTmGAQvuXAAEYXfRAMkc937.png",
			"kind":	2,
			"title_m":	"01-nginx-市场占有率.png",
			"title_s":	"文件title_s",
			"descrip":	"2016-08-09 11:30:35",
			"picurl_m":	"http://172.16.0.148/static/file_png/png.png",
			"url":	"http://192.168.2.108/group1/M00/00/00/wKgCbFepTmGAQvuXAAEYXfRAMkc937.png",
			"pv":	2,
			"hot":	0
		}, {
			"id":	"group1/M00/00/00/wKgCbFepSKeASREwAAapfc9k6Rc011.jpg",
			"kind":	2,
			"title_m":	"小猫5.jpg",
			"title_s":	"文件title_s",
			"descrip":	"2016-08-09 11:06:10",
			"picurl_m":	"http://172.16.0.148/static/file_png/jpg.png",
			"url":	"http://192.168.2.108/group1/M00/00/00/wKgCbFepSKeASREwAAapfc9k6Rc011.jpg",
			"pv":	1,
			"hot":	0
		}, {
			"id":	"group1/M00/00/00/wKgCbFepSKeAOkV4AAY7zSGunKE058.jpg",
			"kind":	2,
			"title_m":	"小猫6.jpg",
			"title_s":	"文件title_s",
			"descrip":	"2016-08-09 11:06:09",
			"picurl_m":	"http://172.16.0.148/static/file_png/jpg.png",
			"url":	"http://192.168.2.108/group1/M00/00/00/wKgCbFepSKeAOkV4AAY7zSGunKE058.jpg",
			"pv":	0,
			"hot":	0
		}, {
			"id":	"group1/M00/00/00/wKgCbFepSKeARhoLAAXsKfNoK_k046.jpg",
			"kind":	2,
			"title_m":	"猫4.jpg",
			"title_s":	"文件title_s",
			"descrip":	"2016-08-09 11:06:09",
			"picurl_m":	"http://172.16.0.148/static/file_png/jpg.png",
			"url":	"http://192.168.2.108/group1/M00/00/00/wKgCbFepSKeARhoLAAXsKfNoK_k046.jpg",
			"pv":	0,
			"hot":	0
		}, {
			"id":	"group1/M00/00/00/wKgCbFepSKeAADFfAAbuwxC1bYU619.jpg",
			"kind":	2,
			"title_m":	"猫2.jpg",
			"title_s":	"文件title_s",
			"descrip":	"2016-08-09 11:06:09",
			"picurl_m":	"http://172.16.0.148/static/file_png/jpg.png",
			"url":	"http://192.168.2.108/group1/M00/00/00/wKgCbFepSKeAADFfAAbuwxC1bYU619.jpg",
			"pv":	0,
			"hot":	0
		}]
}
===20160815-171213,main[183]=== === fromId:0, count:8, cmd:newFile, kind:
===20160815-171213,print_file_list_json[73]=== fromId:0, count:8
===20160815-171213,print_file_list_json[82]=== value_num=8

===20160815-171213,print_file_list_json[101]=== filename=python-网络爬虫.pdf

===20160815-171213,print_file_list_json[111]=== create_time=2016-08-09 11:39:24

===20160815-171213,print_file_list_json[127]=== file_url=http://192.168.2.108/group1/M00/00/00/wKgCbFepUHGAUTOhAP_fjuN0kbA670.pdf

===20160815-171213,print_file_list_json[101]=== filename=阶段测试_STL_数据结构.rar

===20160815-171213,print_file_list_json[111]=== create_time=2016-08-09 11:34:23

===20160815-171213,print_file_list_json[127]=== file_url=http://192.168.2.108/group1/M00/00/00/wKgCbFepT0SAOBCtACjizOQy1fU405.rar

===20160815-171213,print_file_list_json[101]=== filename=黄昏.mp3

===20160815-171213,print_file_list_json[111]=== create_time=2016-08-09 11:31:35

===20160815-171213,print_file_list_json[127]=== file_url=http://192.168.2.108/group1/M00/00/00/wKgCbFepTp2AUnd1AFRAAvu2TSg259.mp3

===20160815-171213,print_file_list_json[101]=== filename=01-nginx-市场占有率.png

===20160815-171213,print_file_list_json[111]=== create_time=2016-08-09 11:30:35

===20160815-171213,print_file_list_json[127]=== file_url=http://192.168.2.108/group1/M00/00/00/wKgCbFepTmGAQvuXAAEYXfRAMkc937.png

===20160815-171213,print_file_list_json[101]=== filename=小猫5.jpg

===20160815-171213,print_file_list_json[111]=== create_time=2016-08-09 11:06:10

===20160815-171213,print_file_list_json[127]=== file_url=http://192.168.2.108/group1/M00/00/00/wKgCbFepSKeASREwAAapfc9k6Rc011.jpg

===20160815-171213,print_file_list_json[101]=== filename=小猫6.jpg

===20160815-171213,print_file_list_json[111]=== create_time=2016-08-09 11:06:09

===20160815-171213,print_file_list_json[127]=== file_url=http://192.168.2.108/group1/M00/00/00/wKgCbFepSKeAOkV4AAY7zSGunKE058.jpg

===20160815-171213,print_file_list_json[101]=== filename=猫4.jpg

===20160815-171213,print_file_list_json[111]=== create_time=2016-08-09 11:06:09

===20160815-171213,print_file_list_json[127]=== file_url=http://192.168.2.108/group1/M00/00/00/wKgCbFepSKeARhoLAAXsKfNoK_k046.jpg

===20160815-171213,print_file_list_json[101]=== filename=猫2.jpg

===20160815-171213,print_file_list_json[111]=== create_time=2016-08-09 11:06:09

===20160815-171213,print_file_list_json[127]=== file_url=http://192.168.2.108/group1/M00/00/00/wKgCbFepSKeAADFfAAbuwxC1bYU619.jpg

===20160815-171213,print_file_list_json[148]=== {
	"games":	[{
			"id":	"group1/M00/00/00/wKgCbFepUHGAUTOhAP_fjuN0kbA670.pdf",
			"kind":	2,
			"title_m":	"python-网络爬虫.pdf",
			"title_s":	"文件title_s",
			"descrip":	"2016-08-09 11:39:24",
			"picurl_m":	"http://172.16.0.148/static/file_png/pdf.png",
			"url":	"http://192.168.2.108/group1/M00/00/00/wKgCbFepUHGAUTOhAP_fjuN0kbA670.pdf",
			"pv":	1,
			"hot":	0
		}, {
			"id":	"group1/M00/00/00/wKgCbFepT0SAOBCtACjizOQy1fU405.rar",
			"kind":	2,
			"title_m":	"阶段测试_STL_数据结构.rar",
			"title_s":	"文件title_s",
			"descrip":	"2016-08-09 11:34:23",
			"picurl_m":	"http://172.16.0.148/static/file_png/rar.png",
			"url":	"http://192.168.2.108/group1/M00/00/00/wKgCbFepT0SAOBCtACjizOQy1fU405.rar",
			"pv":	1,
			"hot":	0
		}, {
			"id":	"group1/M00/00/00/wKgCbFepTp2AUnd1AFRAAvu2TSg259.mp3",
			"kind":	2,
			"title_m":	"黄昏.mp3",
			"title_s":	"文件title_s",
			"descrip":	"2016-08-09 11:31:35",
			"picurl_m":	"http://172.16.0.148/static/file_png/mp3.png",
			"url":	"http://192.168.2.108/group1/M00/00/00/wKgCbFepTp2AUnd1AFRAAvu2TSg259.mp3",
			"pv":	5,
			"hot":	0
		}, {
			"id":	"group1/M00/00/00/wKgCbFepTmGAQvuXAAEYXfRAMkc937.png",
			"kind":	2,
			"title_m":	"01-nginx-市场占有率.png",
			"title_s":	"文件title_s",
			"descrip":	"2016-08-09 11:30:35",
			"picurl_m":	"http://172.16.0.148/static/file_png/png.png",
			"url":	"http://192.168.2.108/group1/M00/00/00/wKgCbFepTmGAQvuXAAEYXfRAMkc937.png",
			"pv":	2,
			"hot":	0
		}, {
			"id":	"group1/M00/00/00/wKgCbFepSKeASREwAAapfc9k6Rc011.jpg",
			"kind":	2,
			"title_m":	"小猫5.jpg",
			"title_s":	"文件title_s",
			"descrip":	"2016-08-09 11:06:10",
			"picurl_m":	"http://172.16.0.148/static/file_png/jpg.png",
			"url":	"http://192.168.2.108/group1/M00/00/00/wKgCbFepSKeASREwAAapfc9k6Rc011.jpg",
			"pv":	1,
			"hot":	0
		}, {
			"id":	"group1/M00/00/00/wKgCbFepSKeAOkV4AAY7zSGunKE058.jpg",
			"kind":	2,
			"title_m":	"小猫6.jpg",
			"title_s":	"文件title_s",
			"descrip":	"2016-08-09 11:06:09",
			"picurl_m":	"http://172.16.0.148/static/file_png/jpg.png",
			"url":	"http://192.168.2.108/group1/M00/00/00/wKgCbFepSKeAOkV4AAY7zSGunKE058.jpg",
			"pv":	0,
			"hot":	0
		}, {
			"id":	"group1/M00/00/00/wKgCbFepSKeARhoLAAXsKfNoK_k046.jpg",
			"kind":	2,
			"title_m":	"猫4.jpg",
			"title_s":	"文件title_s",
			"descrip":	"2016-08-09 11:06:09",
			"picurl_m":	"http://172.16.0.148/static/file_png/jpg.png",
			"url":	"http://192.168.2.108/group1/M00/00/00/wKgCbFepSKeARhoLAAXsKfNoK_k046.jpg",
			"pv":	0,
			"hot":	0
		}, {
			"id":	"group1/M00/00/00/wKgCbFepSKeAADFfAAbuwxC1bYU619.jpg",
			"kind":	2,
			"title_m":	"猫2.jpg",
			"title_s":	"文件title_s",
			"descrip":	"2016-08-09 11:06:09",
			"picurl_m":	"http://172.16.0.148/static/file_png/jpg.png",
			"url":	"http://192.168.2.108/group1/M00/00/00/wKgCbFepSKeAADFfAAbuwxC1bYU619.jpg",
			"pv":	0,
			"hot":	0
		}]
}
===20160815-171222,main[183]=== === fromId:8, count:8, cmd:newFile, kind:
===20160815-171222,print_file_list_json[73]=== fromId:8, count:8
===20160815-171222,print_file_list_json[82]=== value_num=1

===20160815-171222,print_file_list_json[101]=== filename=猫1.jpg

===20160815-171222,print_file_list_json[111]=== create_time=2016-08-09 11:06:09

===20160815-171222,print_file_list_json[127]=== file_url=http://192.168.2.108/group1/M00/00/00/wKgCbFepSKeAQ1M5AAZZv37X8OI854.jpg

===20160815-171222,print_file_list_json[148]=== {
	"games":	[{
			"id":	"group1/M00/00/00/wKgCbFepSKeAQ1M5AAZZv37X8OI854.jpg",
			"kind":	2,
			"title_m":	"猫1.jpg",
			"title_s":	"文件title_s",
			"descrip":	"2016-08-09 11:06:09",
			"picurl_m":	"http://172.16.0.148/static/file_png/jpg.png",
			"url":	"http://192.168.2.108/group1/M00/00/00/wKgCbFepSKeAQ1M5AAZZv37X8OI854.jpg",
			"pv":	0,
			"hot":	0
		}]
}
===20160815-173745,main[183]=== === fromId:0, count:8, cmd:newFile, kind:
===20160815-173745,print_file_list_json[73]=== fromId:0, count:8
===20160815-173745,print_file_list_json[82]=== value_num=8

===20160815-173745,print_file_list_json[101]=== filename=python-网络爬虫.pdf

===20160815-173745,print_file_list_json[111]=== create_time=2016-08-09 11:39:24

===20160815-173745,print_file_list_json[127]=== file_url=http://192.168.2.108/group1/M00/00/00/wKgCbFepUHGAUTOhAP_fjuN0kbA670.pdf

===20160815-173745,print_file_list_json[101]=== filename=阶段测试_STL_数据结构.rar

===20160815-173745,print_file_list_json[111]=== create_time=2016-08-09 11:34:23

===20160815-173745,print_file_list_json[127]=== file_url=http://192.168.2.108/group1/M00/00/00/wKgCbFepT0SAOBCtACjizOQy1fU405.rar

===20160815-173745,print_file_list_json[101]=== filename=黄昏.mp3

===20160815-173745,print_file_list_json[111]=== create_time=2016-08-09 11:31:35

===20160815-173745,print_file_list_json[127]=== file_url=http://192.168.2.108/group1/M00/00/00/wKgCbFepTp2AUnd1AFRAAvu2TSg259.mp3

===20160815-173745,print_file_list_json[101]=== filename=01-nginx-市场占有率.png

===20160815-173745,print_file_list_json[111]=== create_time=2016-08-09 11:30:35

===20160815-173745,print_file_list_json[127]=== file_url=http://192.168.2.108/group1/M00/00/00/wKgCbFepTmGAQvuXAAEYXfRAMkc937.png

===20160815-173745,print_file_list_json[101]=== filename=小猫5.jpg

===20160815-173745,print_file_list_json[111]=== create_time=2016-08-09 11:06:10

===20160815-173745,print_file_list_json[127]=== file_url=http://192.168.2.108/group1/M00/00/00/wKgCbFepSKeASREwAAapfc9k6Rc011.jpg

===20160815-173745,print_file_list_json[101]=== filename=小猫6.jpg

===20160815-173745,print_file_list_json[111]=== create_time=2016-08-09 11:06:09

===20160815-173745,print_file_list_json[127]=== file_url=http://192.168.2.108/group1/M00/00/00/wKgCbFepSKeAOkV4AAY7zSGunKE058.jpg

===20160815-173745,print_file_list_json[101]=== filename=猫4.jpg

===20160815-173745,print_file_list_json[111]=== create_time=2016-08-09 11:06:09

===20160815-173745,print_file_list_json[127]=== file_url=http://192.168.2.108/group1/M00/00/00/wKgCbFepSKeARhoLAAXsKfNoK_k046.jpg

===20160815-173745,print_file_list_json[101]=== filename=猫2.jpg

===20160815-173745,print_file_list_json[111]=== create_time=2016-08-09 11:06:09

===20160815-173745,print_file_list_json[127]=== file_url=http://192.168.2.108/group1/M00/00/00/wKgCbFepSKeAADFfAAbuwxC1bYU619.jpg

===20160815-173745,print_file_list_json[148]=== {
	"games":	[{
			"id":	"group1/M00/00/00/wKgCbFepUHGAUTOhAP_fjuN0kbA670.pdf",
			"kind":	2,
			"title_m":	"python-网络爬虫.pdf",
			"title_s":	"文件title_s",
			"descrip":	"2016-08-09 11:39:24",
			"picurl_m":	"http://172.16.0.148/static/file_png/pdf.png",
			"url":	"http://192.168.2.108/group1/M00/00/00/wKgCbFepUHGAUTOhAP_fjuN0kbA670.pdf",
			"pv":	1,
			"hot":	0
		}, {
			"id":	"group1/M00/00/00/wKgCbFepT0SAOBCtACjizOQy1fU405.rar",
			"kind":	2,
			"title_m":	"阶段测试_STL_数据结构.rar",
			"title_s":	"文件title_s",
			"descrip":	"2016-08-09 11:34:23",
			"picurl_m":	"http://172.16.0.148/static/file_png/rar.png",
			"url":	"http://192.168.2.108/group1/M00/00/00/wKgCbFepT0SAOBCtACjizOQy1fU405.rar",
			"pv":	1,
			"hot":	0
		}, {
			"id":	"group1/M00/00/00/wKgCbFepTp2AUnd1AFRAAvu2TSg259.mp3",
			"kind":	2,
			"title_m":	"黄昏.mp3",
			"title_s":	"文件title_s",
			"descrip":	"2016-08-09 11:31:35",
			"picurl_m":	"http://172.16.0.148/static/file_png/mp3.png",
			"url":	"http://192.168.2.108/group1/M00/00/00/wKgCbFepTp2AUnd1AFRAAvu2TSg259.mp3",
			"pv":	5,
			"hot":	0
		}, {
			"id":	"group1/M00/00/00/wKgCbFepTmGAQvuXAAEYXfRAMkc937.png",
			"kind":	2,
			"title_m":	"01-nginx-市场占有率.png",
			"title_s":	"文件title_s",
			"descrip":	"2016-08-09 11:30:35",
			"picurl_m":	"http://172.16.0.148/static/file_png/png.png",
			"url":	"http://192.168.2.108/group1/M00/00/00/wKgCbFepTmGAQvuXAAEYXfRAMkc937.png",
			"pv":	2,
			"hot":	0
		}, {
			"id":	"group1/M00/00/00/wKgCbFepSKeASREwAAapfc9k6Rc011.jpg",
			"kind":	2,
			"title_m":	"小猫5.jpg",
			"title_s":	"文件title_s",
			"descrip":	"2016-08-09 11:06:10",
			"picurl_m":	"http://172.16.0.148/static/file_png/jpg.png",
			"url":	"http://192.168.2.108/group1/M00/00/00/wKgCbFepSKeASREwAAapfc9k6Rc011.jpg",
			"pv":	1,
			"hot":	0
		}, {
			"id":	"group1/M00/00/00/wKgCbFepSKeAOkV4AAY7zSGunKE058.jpg",
			"kind":	2,
			"title_m":	"小猫6.jpg",
			"title_s":	"文件title_s",
			"descrip":	"2016-08-09 11:06:09",
			"picurl_m":	"http://172.16.0.148/static/file_png/jpg.png",
			"url":	"http://192.168.2.108/group1/M00/00/00/wKgCbFepSKeAOkV4AAY7zSGunKE058.jpg",
			"pv":	0,
			"hot":	0
		}, {
			"id":	"group1/M00/00/00/wKgCbFepSKeARhoLAAXsKfNoK_k046.jpg",
			"kind":	2,
			"title_m":	"猫4.jpg",
			"title_s":	"文件title_s",
			"descrip":	"2016-08-09 11:06:09",
			"picurl_m":	"http://172.16.0.148/static/file_png/jpg.png",
			"url":	"http://192.168.2.108/group1/M00/00/00/wKgCbFepSKeARhoLAAXsKfNoK_k046.jpg",
			"pv":	0,
			"hot":	0
		}, {
			"id":	"group1/M00/00/00/wKgCbFepSKeAADFfAAbuwxC1bYU619.jpg",
			"kind":	2,
			"title_m":	"猫2.jpg",
			"title_s":	"文件title_s",
			"descrip":	"2016-08-09 11:06:09",
			"picurl_m":	"http://172.16.0.148/static/file_png/jpg.png",
			"url":	"http://192.168.2.108/group1/M00/00/00/wKgCbFepSKeAADFfAAbuwxC1bYU619.jpg",
			"pv":	0,
			"hot":	0
		}]
}
