===20160808-213314,main[152]=== data:[cmd=newGame&fromId=0&count=8]

===20160808-213315,main[152]=== data:[cmd=selectCnt&kind=all]

===20160808-232803,print_file_list_json[65]=== value_num=0

===20160808-232803,print_file_list_json[123]=== {
	"games":	[]
}
===20160808-233126,print_file_list_json[54]=== fromId:0, count:0
===20160808-233126,print_file_list_json[67]=== value_num=0

===20160808-233126,print_file_list_json[125]=== {
	"games":	[]
}
===20160808-233126,print_file_list_json[54]=== fromId:0, count:8
===20160808-233332,main[150]=== === fromId:0, count:8, cmd:1939164048, kind:ÐK•sÿ
===20160808-233332,print_file_list_json[54]=== fromId:0, count:8
===20160808-233453,main[150]=== === fromId:0, count:8, cmd:-178022336, kind:€˜cõÿ
===20160808-233453,print_file_list_json[54]=== fromId:0, count:8
===20160808-233941,main[160]=== === fromId:0, count:8, cmd:1866607888, kind:
===20160808-233941,print_file_list_json[54]=== fromId:0, count:8
===20160808-234748,print_file_list_json[55]=== fromId:0, count:8
===20160808-234748,print_file_list_json[65]=== value_num=1

===20160808-234748,print_file_list_json[82]=== filename=http://192.168.2.108/group1/M00/00/00/wKgCbFeof02AAIWXAAZZv37X8OI711.jpg

===20160808-234748,print_file_list_json[92]=== create_time=

===20160808-234748,print_file_list_json[108]=== file_url=

===20160808-234748,print_file_list_json[127]=== {
	"games":	[{
			"id":	0,
			"kind":	2,
			"title_m":	"http://192.168.2.108/group1/M00/00/00/wKgCbFeof02AAIWXAAZZv37X8OI711.jpg",
			"title_s":	"æ–‡ä»¶title_s",
			"descrip":	"",
			"picurl_m":	"http://192.168.2.102\n/static/file_png/jpg.png",
			"url":	"",
			"pv":	2000,
			"hot":	0
		}]
}
===20160808-234755,print_file_list_json[55]=== fromId:0, count:8
===20160808-234755,print_file_list_json[65]=== value_num=1

===20160808-234755,print_file_list_json[82]=== filename=http://192.168.2.108/group1/M00/00/00/wKgCbFeof02AAIWXAAZZv37X8OI711.jpg

===20160808-234755,print_file_list_json[92]=== create_time=

===20160808-234755,print_file_list_json[108]=== file_url=

===20160808-234755,print_file_list_json[127]=== {
	"games":	[{
			"id":	0,
			"kind":	2,
			"title_m":	"http://192.168.2.108/group1/M00/00/00/wKgCbFeof02AAIWXAAZZv37X8OI711.jpg",
			"title_s":	"æ–‡ä»¶title_s",
			"descrip":	"",
			"picurl_m":	"http://192.168.2.102\n/static/file_png/jpg.png",
			"url":	"",
			"pv":	2000,
			"hot":	0
		}]
}
===20160808-234836,print_file_list_json[55]=== fromId:0, count:8
===20160808-234836,print_file_list_json[65]=== value_num=1

===20160808-234836,print_file_list_json[82]=== filename=http://192.168.2.108/group1/M00/00/00/wKgCbFeof02AAIWXAAZZv37X8OI711.jpg

===20160808-234836,print_file_list_json[92]=== create_time=

===20160808-234836,print_file_list_json[108]=== file_url=

===20160808-234836,print_file_list_json[127]=== {
	"games":	[{
			"id":	0,
			"kind":	2,
			"title_m":	"http://192.168.2.108/group1/M00/00/00/wKgCbFeof02AAIWXAAZZv37X8OI711.jpg",
			"title_s":	"æ–‡ä»¶title_s",
			"descrip":	"",
			"picurl_m":	"http://192.168.2.102\n/static/file_png/jpg.png",
			"url":	"",
			"pv":	2000,
			"hot":	0
		}]
}
===20160808-235159,print_file_list_json[55]=== fromId:1, count:8
===20160808-235159,print_file_list_json[65]=== value_num=0

===20160808-235159,print_file_list_json[127]=== {
	"games":	[]
}
===20160808-235849,print_file_list_json[55]=== fromId:0, count:8
===20160808-235849,print_file_list_json[65]=== value_num=1

===20160808-235849,print_file_list_json[82]=== filename=ttp://192.168.2.108/group1/M00/00/00/wKgCbFeof02AAIWXAAZZv37X8OI711.jp

