===20160813-110357,rop_connectdb_nopwd[39]=== [+][GMS_REDIS]Connect 127.0.0.1:6379 SUCCESS!

===20160813-110357,rop_disconnect[195]=== [+][GMS_REDIS]Disconnect SUCCESS!

===20160813-110357,rop_connectdb_nopwd[39]=== [+][GMS_REDIS]Connect 127.0.0.1:6379 SUCCESS!

===20160813-110357,rop_disconnect[195]=== [+][GMS_REDIS]Disconnect SUCCESS!

===20160813-110719,rop_connectdb_nopwd[39]=== [+][GMS_REDIS]Connect 127.0.0.1:6379 SUCCESS!

===20160813-110719,rop_disconnect[195]=== [+][GMS_REDIS]Disconnect SUCCESS!

===20160813-110719,rop_connectdb_nopwd[39]=== [+][GMS_REDIS]Connect 127.0.0.1:6379 SUCCESS!

===20160813-110719,rop_disconnect[195]=== [+][GMS_REDIS]Disconnect SUCCESS!

===20160813-110721,rop_connectdb_nopwd[39]=== [+][GMS_REDIS]Connect 127.0.0.1:6379 SUCCESS!

===20160813-110721,rop_disconnect[195]=== [+][GMS_REDIS]Disconnect SUCCESS!

===20160813-110721,rop_connectdb_nopwd[39]=== [+][GMS_REDIS]Connect 127.0.0.1:6379 SUCCESS!

===20160813-110721,rop_disconnect[195]=== [+][GMS_REDIS]Disconnect SUCCESS!

===20160813-110722,rop_connectdb_nopwd[39]=== [+][GMS_REDIS]Connect 127.0.0.1:6379 SUCCESS!

===20160813-110722,rop_disconnect[195]=== [+][GMS_REDIS]Disconnect SUCCESS!

===20160813-110722,rop_connectdb_nopwd[39]=== [+][GMS_REDIS]Connect 127.0.0.1:6379 SUCCESS!

===20160813-110722,rop_disconnect[195]=== [+][GMS_REDIS]Disconnect SUCCESS!

===20160813-110722,rop_connectdb_nopwd[39]=== [+][GMS_REDIS]Connect 127.0.0.1:6379 SUCCESS!

===20160813-110722,rop_disconnect[195]=== [+][GMS_REDIS]Disconnect SUCCESS!

===20160813-110722,rop_connectdb_nopwd[39]=== [+][GMS_REDIS]Connect 127.0.0.1:6379 SUCCESS!

===20160813-110722,rop_disconnect[195]=== [+][GMS_REDIS]Disconnect SUCCESS!

===20160813-110723,rop_connectdb_nopwd[39]=== [+][GMS_REDIS]Connect 127.0.0.1:6379 SUCCESS!

===20160813-110723,rop_disconnect[195]=== [+][GMS_REDIS]Disconnect SUCCESS!

===20160813-110723,rop_connectdb_nopwd[39]=== [+][GMS_REDIS]Connect 127.0.0.1:6379 SUCCESS!

===20160813-110723,rop_disconnect[195]=== [+][GMS_REDIS]Disconnect SUCCESS!

===20160813-110723,rop_connectdb_nopwd[39]=== [+][GMS_REDIS]Connect 127.0.0.1:6379 SUCCESS!

===20160813-110723,rop_disconnect[195]=== [+][GMS_REDIS]Disconnect SUCCESS!

===20160813-110723,rop_connectdb_nopwd[39]=== [+][GMS_REDIS]Connect 127.0.0.1:6379 SUCCESS!

===20160813-110723,rop_disconnect[195]=== [+][GMS_REDIS]Disconnect SUCCESS!

===20160813-110724,rop_connectdb_nopwd[39]=== [+][GMS_REDIS]Connect 127.0.0.1:6379 SUCCESS!

===20160813-110724,rop_disconnect[195]=== [+][GMS_REDIS]Disconnect SUCCESS!

===20160813-110724,rop_connectdb_nopwd[39]=== [+][GMS_REDIS]Connect 127.0.0.1:6379 SUCCESS!

===20160813-110724,rop_disconnect[195]=== [+][GMS_REDIS]Disconnect SUCCESS!

===20160813-110724,rop_connectdb_nopwd[39]=== [+][GMS_REDIS]Connect 127.0.0.1:6379 SUCCESS!

===20160813-110724,rop_disconnect[195]=== [+][GMS_REDIS]Disconnect SUCCESS!

===20160813-110725,rop_connectdb_nopwd[39]=== [+][GMS_REDIS]Connect 127.0.0.1:6379 SUCCESS!

===20160813-110725,rop_disconnect[195]=== [+][GMS_REDIS]Disconnect SUCCESS!

===20160813-110725,rop_connectdb_nopwd[39]=== [+][GMS_REDIS]Connect 127.0.0.1:6379 SUCCESS!

===20160813-110725,rop_disconnect[195]=== [+][GMS_REDIS]Disconnect SUCCESS!

===20160813-110730,rop_connectdb_nopwd[39]=== [+][GMS_REDIS]Connect 127.0.0.1:6379 SUCCESS!

===20160813-110730,rop_disconnect[195]=== [+][GMS_REDIS]Disconnect SUCCESS!

===20160813-110730,rop_connectdb_nopwd[39]=== [+][GMS_REDIS]Connect 127.0.0.1:6379 SUCCESS!

===20160813-110730,rop_disconnect[195]=== [+][GMS_REDIS]Disconnect SUCCESS!

===20160813-112104,rop_connectdb_nopwd[39]=== [+][GMS_REDIS]Connect 127.0.0.1:6379 SUCCESS!

===20160813-112104,rop_disconnect[195]=== [+][GMS_REDIS]Disconnect SUCCESS!

===20160813-112105,rop_connectdb_nopwd[39]=== [+][GMS_REDIS]Connect 127.0.0.1:6379 SUCCESS!

===20160813-112105,rop_disconnect[195]=== [+][GMS_REDIS]Disconnect SUCCESS!

===20160813-121143,rop_connectdb_nopwd[39]=== [+][GMS_REDIS]Connect 127.0.0.1:6379 SUCCESS!

===20160813-121143,rop_disconnect[195]=== [+][GMS_REDIS]Disconnect SUCCESS!

===20160813-121143,rop_connectdb_nopwd[39]=== [+][GMS_REDIS]Connect 127.0.0.1:6379 SUCCESS!

===20160813-121143,rop_disconnect[195]=== [+][GMS_REDIS]Disconnect SUCCESS!

===20160813-121145,rop_connectdb_nopwd[39]=== [+][GMS_REDIS]Connect 127.0.0.1:6379 SUCCESS!

===20160813-121145,rop_disconnect[195]=== [+][GMS_REDIS]Disconnect SUCCESS!

===20160813-121145,rop_connectdb_nopwd[39]=== [+][GMS_REDIS]Connect 127.0.0.1:6379 SUCCESS!

===20160813-121145,rop_disconnect[195]=== [+][GMS_REDIS]Disconnect SUCCESS!

===20160813-121149,rop_connectdb_nopwd[39]=== [+][GMS_REDIS]Connect 127.0.0.1:6379 SUCCESS!

===20160813-121149,rop_disconnect[195]=== [+][GMS_REDIS]Disconnect SUCCESS!

===20160813-121149,rop_connectdb_nopwd[39]=== [+][GMS_REDIS]Connect 127.0.0.1:6379 SUCCESS!

===20160813-121149,rop_disconnect[195]=== [+][GMS_REDIS]Disconnect SUCCESS!

===20160813-121152,rop_connectdb_nopwd[39]=== [+][GMS_REDIS]Connect 127.0.0.1:6379 SUCCESS!

===20160813-121152,rop_disconnect[195]=== [+][GMS_REDIS]Disconnect SUCCESS!

===20160813-121152,rop_connectdb_nopwd[39]=== [+][GMS_REDIS]Connect 127.0.0.1:6379 SUCCESS!

===20160813-121152,rop_disconnect[195]=== [+][GMS_REDIS]Disconnect SUCCESS!

===20160813-121153,rop_connectdb_nopwd[39]=== [+][GMS_REDIS]Connect 127.0.0.1:6379 SUCCESS!

===20160813-121153,rop_disconnect[195]=== [+][GMS_REDIS]Disconnect SUCCESS!

===20160813-121153,rop_connectdb_nopwd[39]=== [+][GMS_REDIS]Connect 127.0.0.1:6379 SUCCESS!

===20160813-121153,rop_disconnect[195]=== [+][GMS_REDIS]Disconnect SUCCESS!

===20160813-121156,rop_connectdb_nopwd[39]=== [+][GMS_REDIS]Connect 127.0.0.1:6379 SUCCESS!

===20160813-121156,rop_disconnect[195]=== [+][GMS_REDIS]Disconnect SUCCESS!

===20160813-121156,rop_connectdb_nopwd[39]=== [+][GMS_REDIS]Connect 127.0.0.1:6379 SUCCESS!

===20160813-121156,rop_disconnect[195]=== [+][GMS_REDIS]Disconnect SUCCESS!

===20160813-121157,rop_connectdb_nopwd[39]=== [+][GMS_REDIS]Connect 127.0.0.1:6379 SUCCESS!

===20160813-121157,rop_disconnect[195]=== [+][GMS_REDIS]Disconnect SUCCESS!

===20160813-121157,rop_connectdb_nopwd[39]=== [+][GMS_REDIS]Connect 127.0.0.1:6379 SUCCESS!

===20160813-121157,rop_disconnect[195]=== [+][GMS_REDIS]Disconnect SUCCESS!

===20160813-121159,rop_connectdb_nopwd[39]=== [+][GMS_REDIS]Connect 127.0.0.1:6379 SUCCESS!

===20160813-121159,rop_disconnect[195]=== [+][GMS_REDIS]Disconnect SUCCESS!

===20160813-121200,rop_connectdb_nopwd[39]=== [+][GMS_REDIS]Connect 127.0.0.1:6379 SUCCESS!

===20160813-121200,rop_disconnect[195]=== [+][GMS_REDIS]Disconnect SUCCESS!

===20160813-121204,rop_connectdb_nopwd[39]=== [+][GMS_REDIS]Connect 127.0.0.1:6379 SUCCESS!

===20160813-121204,rop_disconnect[195]=== [+][GMS_REDIS]Disconnect SUCCESS!

===20160813-121204,rop_connectdb_nopwd[39]=== [+][GMS_REDIS]Connect 127.0.0.1:6379 SUCCESS!

===20160813-121204,rop_disconnect[195]=== [+][GMS_REDIS]Disconnect SUCCESS!

===20160813-121206,rop_connectdb_nopwd[39]=== [+][GMS_REDIS]Connect 127.0.0.1:6379 SUCCESS!

===20160813-121206,rop_disconnect[195]=== [+][GMS_REDIS]Disconnect SUCCESS!

===20160813-121206,rop_connectdb_nopwd[39]=== [+][GMS_REDIS]Connect 127.0.0.1:6379 SUCCESS!

===20160813-121206,rop_disconnect[195]=== [+][GMS_REDIS]Disconnect SUCCESS!

===20160813-121208,rop_connectdb_nopwd[39]=== [+][GMS_REDIS]Connect 127.0.0.1:6379 SUCCESS!

===20160813-121208,rop_disconnect[195]=== [+][GMS_REDIS]Disconnect SUCCESS!

===20160813-121208,rop_connectdb_nopwd[39]=== [+][GMS_REDIS]Connect 127.0.0.1:6379 SUCCESS!

===20160813-121208,rop_disconnect[195]=== [+][GMS_REDIS]Disconnect SUCCESS!

===20160813-121210,rop_connectdb_nopwd[39]=== [+][GMS_REDIS]Connect 127.0.0.1:6379 SUCCESS!

===20160813-121210,rop_disconnect[195]=== [+][GMS_REDIS]Disconnect SUCCESS!

===20160813-121210,rop_connectdb_nopwd[39]=== [+][GMS_REDIS]Connect 127.0.0.1:6379 SUCCESS!

===20160813-121210,rop_disconnect[195]=== [+][GMS_REDIS]Disconnect SUCCESS!

===20160813-121211,rop_connectdb_nopwd[39]=== [+][GMS_REDIS]Connect 127.0.0.1:6379 SUCCESS!

===20160813-121211,rop_disconnect[195]=== [+][GMS_REDIS]Disconnect SUCCESS!

===20160813-121211,rop_connectdb_nopwd[39]=== [+][GMS_REDIS]Connect 127.0.0.1:6379 SUCCESS!

===20160813-121211,rop_disconnect[195]=== [+][GMS_REDIS]Disconnect SUCCESS!

===20160813-121225,rop_connectdb_nopwd[39]=== [+][GMS_REDIS]Connect 127.0.0.1:6379 SUCCESS!

===20160813-121225,rop_disconnect[195]=== [+][GMS_REDIS]Disconnect SUCCESS!

===20160813-121225,rop_connectdb_nopwd[39]=== [+][GMS_REDIS]Connect 127.0.0.1:6379 SUCCESS!

===20160813-121225,rop_disconnect[195]=== [+][GMS_REDIS]Disconnect SUCCESS!

===20160813-121230,rop_connectdb_nopwd[39]=== [+][GMS_REDIS]Connect 127.0.0.1:6379 SUCCESS!

===20160813-121230,rop_disconnect[195]=== [+][GMS_REDIS]Disconnect SUCCESS!

===20160813-121230,rop_connectdb_nopwd[39]=== [+][GMS_REDIS]Connect 127.0.0.1:6379 SUCCESS!

===20160813-121230,rop_disconnect[195]=== [+][GMS_REDIS]Disconnect SUCCESS!

===20160813-121233,rop_connectdb_nopwd[39]=== [+][GMS_REDIS]Connect 127.0.0.1:6379 SUCCESS!

===20160813-121233,rop_disconnect[195]=== [+][GMS_REDIS]Disconnect SUCCESS!

===20160813-121233,rop_connectdb_nopwd[39]=== [+][GMS_REDIS]Connect 127.0.0.1:6379 SUCCESS!

===20160813-121233,rop_disconnect[195]=== [+][GMS_REDIS]Disconnect SUCCESS!

===20160813-121235,rop_connectdb_nopwd[39]=== [+][GMS_REDIS]Connect 127.0.0.1:6379 SUCCESS!

===20160813-121235,rop_disconnect[195]=== [+][GMS_REDIS]Disconnect SUCCESS!

===20160813-121235,rop_connectdb_nopwd[39]=== [+][GMS_REDIS]Connect 127.0.0.1:6379 SUCCESS!

===20160813-121235,rop_disconnect[195]=== [+][GMS_REDIS]Disconnect SUCCESS!

===20160813-121237,rop_connectdb_nopwd[39]=== [+][GMS_REDIS]Connect 127.0.0.1:6379 SUCCESS!

===20160813-121237,rop_disconnect[195]=== [+][GMS_REDIS]Disconnect SUCCESS!

===20160813-121237,rop_connectdb_nopwd[39]=== [+][GMS_REDIS]Connect 127.0.0.1:6379 SUCCESS!

===20160813-121237,rop_disconnect[195]=== [+][GMS_REDIS]Disconnect SUCCESS!

===20160813-121238,rop_connectdb_nopwd[39]=== [+][GMS_REDIS]Connect 127.0.0.1:6379 SUCCESS!

===20160813-121238,rop_disconnect[195]=== [+][GMS_REDIS]Disconnect SUCCESS!

===20160813-121239,rop_connectdb_nopwd[39]=== [+][GMS_REDIS]Connect 127.0.0.1:6379 SUCCESS!

===20160813-121239,rop_disconnect[195]=== [+][GMS_REDIS]Disconnect SUCCESS!

===20160813-121240,rop_connectdb_nopwd[39]=== [+][GMS_REDIS]Connect 127.0.0.1:6379 SUCCESS!

===20160813-121240,rop_disconnect[195]=== [+][GMS_REDIS]Disconnect SUCCESS!

===20160813-121240,rop_connectdb_nopwd[39]=== [+][GMS_REDIS]Connect 127.0.0.1:6379 SUCCESS!

===20160813-121240,rop_disconnect[195]=== [+][GMS_REDIS]Disconnect SUCCESS!

===20160813-121248,rop_connectdb_nopwd[39]=== [+][GMS_REDIS]Connect 127.0.0.1:6379 SUCCESS!

===20160813-121248,rop_disconnect[195]=== [+][GMS_REDIS]Disconnect SUCCESS!

===20160813-121249,rop_connectdb_nopwd[39]=== [+][GMS_REDIS]Connect 127.0.0.1:6379 SUCCESS!

===20160813-121249,rop_disconnect[195]=== [+][GMS_REDIS]Disconnect SUCCESS!

===20160813-121252,rop_connectdb_nopwd[39]=== [+][GMS_REDIS]Connect 127.0.0.1:6379 SUCCESS!

===20160813-121252,rop_disconnect[195]=== [+][GMS_REDIS]Disconnect SUCCESS!

===20160813-121252,rop_connectdb_nopwd[39]=== [+][GMS_REDIS]Connect 127.0.0.1:6379 SUCCESS!

===20160813-121252,rop_disconnect[195]=== [+][GMS_REDIS]Disconnect SUCCESS!

===20160813-121301,rop_connectdb_nopwd[39]=== [+][GMS_REDIS]Connect 127.0.0.1:6379 SUCCESS!

===20160813-121301,rop_disconnect[195]=== [+][GMS_REDIS]Disconnect SUCCESS!

===20160813-121301,rop_connectdb_nopwd[39]=== [+][GMS_REDIS]Connect 127.0.0.1:6379 SUCCESS!

===20160813-121301,rop_disconnect[195]=== [+][GMS_REDIS]Disconnect SUCCESS!

===20160813-122436,rop_connectdb_nopwd[369]=== [+][GMS_REDIS]Connect 127.0.0.1:6379 SUCCESS!

===20160813-122436,rop_disconnect[525]=== [+][GMS_REDIS]Disconnect SUCCESS!

===20160813-122436,rop_connectdb_nopwd[369]=== [+][GMS_REDIS]Connect 127.0.0.1:6379 SUCCESS!

===20160813-122436,rop_disconnect[525]=== [+][GMS_REDIS]Disconnect SUCCESS!

===20160813-122530,rop_connectdb_nopwd[369]=== [+][GMS_REDIS]Connect 127.0.0.1:6379 SUCCESS!

===20160813-122530,rop_disconnect[525]=== [+][GMS_REDIS]Disconnect SUCCESS!

===20160813-123726,rop_connectdb_nopwd[369]=== [+][GMS_REDIS]Connect 127.0.0.1:6379 SUCCESS!

===20160813-123726,rop_disconnect[525]=== [+][GMS_REDIS]Disconnect SUCCESS!

===20160813-123840,rop_connectdb_nopwd[369]=== [+][GMS_REDIS]Connect 127.0.0.1:6379 SUCCESS!

===20160813-123840,rop_disconnect[525]=== [+][GMS_REDIS]Disconnect SUCCESS!

===20160813-123850,rop_connectdb_nopwd[369]=== [+][GMS_REDIS]Connect 127.0.0.1:6379 SUCCESS!

===20160813-123850,rop_disconnect[525]=== [+][GMS_REDIS]Disconnect SUCCESS!

===20160813-123915,rop_connectdb_nopwd[369]=== [+][GMS_REDIS]Connect 127.0.0.1:6379 SUCCESS!

===20160813-123915,rop_disconnect[525]=== [+][GMS_REDIS]Disconnect SUCCESS!

===20160813-123937,rop_connectdb_nopwd[369]=== [+][GMS_REDIS]Connect 127.0.0.1:6379 SUCCESS!

===20160813-123937,rop_disconnect[525]=== [+][GMS_REDIS]Disconnect SUCCESS!

===20160813-124245,rop_connectdb_nopwd[369]=== [+][GMS_REDIS]Connect 127.0.0.1:6379 SUCCESS!

===20160813-124245,rop_disconnect[525]=== [+][GMS_REDIS]Disconnect SUCCESS!

===20160813-124621,rop_connectdb_nopwd[369]=== [+][GMS_REDIS]Connect 127.0.0.1:6379 SUCCESS!

===20160813-124621,rop_disconnect[525]=== [+][GMS_REDIS]Disconnect SUCCESS!

===20160813-124727,rop_connectdb_nopwd[369]=== [+][GMS_REDIS]Connect 127.0.0.1:6379 SUCCESS!

===20160813-124727,rop_disconnect[525]=== [+][GMS_REDIS]Disconnect SUCCESS!

===20160813-125226,rop_connectdb_nopwd[369]=== [+][GMS_REDIS]Connect 127.0.0.1:6379 SUCCESS!

===20160813-125226,rop_disconnect[525]=== [+][GMS_REDIS]Disconnect SUCCESS!

===20160813-125228,rop_connectdb_nopwd[369]=== [+][GMS_REDIS]Connect 127.0.0.1:6379 SUCCESS!

===20160813-125228,rop_zset_increment[939]=== [-][GMS_REDIS]Add or increment table: FILE_HOT_ZSET,member: group1%2FM00%2F00%2F00%2FwKgCbFepUHGAUTOhAP_fjuN0kbA670.pdf Error:1,

===20160813-125228,rop_disconnect[525]=== [+][GMS_REDIS]Disconnect SUCCESS!

===20160813-125230,rop_connectdb_nopwd[369]=== [+][GMS_REDIS]Connect 127.0.0.1:6379 SUCCESS!

===20160813-125230,rop_zset_increment[939]=== [-][GMS_REDIS]Add or increment table: FILE_HOT_ZSET,member: group1%2FM00%2F00%2F00%2FwKgCbFepT0SAOBCtACjizOQy1fU405.rar Error:1,

===20160813-125230,rop_disconnect[525]=== [+][GMS_REDIS]Disconnect SUCCESS!

===20160813-154447,rop_connectdb_nopwd[369]=== [+][GMS_REDIS]Connect 127.0.0.1:6379 SUCCESS!

===20160813-154447,rop_disconnect[525]=== [+][GMS_REDIS]Disconnect SUCCESS!

===20160813-154451,rop_connectdb_nopwd[369]=== [+][GMS_REDIS]Connect 127.0.0.1:6379 SUCCESS!

===20160813-154451,rop_disconnect[525]=== [+][GMS_REDIS]Disconnect SUCCESS!

===20160813-160243,rop_connectdb_nopwd[369]=== [+][GMS_REDIS]Connect 127.0.0.1:6379 SUCCESS!

===20160813-160243,rop_disconnect[525]=== [+][GMS_REDIS]Disconnect SUCCESS!

===20160813-160245,rop_connectdb_nopwd[369]=== [+][GMS_REDIS]Connect 127.0.0.1:6379 SUCCESS!

===20160813-160245,rop_zset_increment[939]=== [-][GMS_REDIS]Add or increment table: FILE_HOT_ZSET,member: group1/M00/00/00/wKgCbFepUHGAUTOhAP_fjuN0kbA670.pdf Error:2,

===20160813-160245,rop_disconnect[525]=== [+][GMS_REDIS]Disconnect SUCCESS!

===20160813-160246,rop_connectdb_nopwd[369]=== [+][GMS_REDIS]Connect 127.0.0.1:6379 SUCCESS!

===20160813-160246,rop_zset_increment[939]=== [-][GMS_REDIS]Add or increment table: FILE_HOT_ZSET,member: group1/M00/00/00/wKgCbFepT0SAOBCtACjizOQy1fU405.rar Error:2,

===20160813-160246,rop_disconnect[525]=== [+][GMS_REDIS]Disconnect SUCCESS!

===20160813-160247,rop_connectdb_nopwd[369]=== [+][GMS_REDIS]Connect 127.0.0.1:6379 SUCCESS!

===20160813-160247,rop_zset_increment[939]=== [-][GMS_REDIS]Add or increment table: FILE_HOT_ZSET,member: group1/M00/00/00/wKgCbFepTp2AUnd1AFRAAvu2TSg259.mp3 Error:2,

===20160813-160247,rop_disconnect[525]=== [+][GMS_REDIS]Disconnect SUCCESS!

===20160813-160247,rop_connectdb_nopwd[369]=== [+][GMS_REDIS]Connect 127.0.0.1:6379 SUCCESS!

===20160813-160247,rop_zset_increment[939]=== [-][GMS_REDIS]Add or increment table: FILE_HOT_ZSET,member: group1/M00/00/00/wKgCbFepTmGAQvuXAAEYXfRAMkc937.png Error:2,

===20160813-160247,rop_disconnect[525]=== [+][GMS_REDIS]Disconnect SUCCESS!

===20160813-160248,rop_connectdb_nopwd[369]=== [+][GMS_REDIS]Connect 127.0.0.1:6379 SUCCESS!

===20160813-160248,rop_zset_increment[939]=== [-][GMS_REDIS]Add or increment table: FILE_HOT_ZSET,member: group1/M00/00/00/wKgCbFepSKeASREwAAapfc9k6Rc011.jpg Error:2,

===20160813-160248,rop_disconnect[525]=== [+][GMS_REDIS]Disconnect SUCCESS!

===20160813-160249,rop_connectdb_nopwd[369]=== [+][GMS_REDIS]Connect 127.0.0.1:6379 SUCCESS!

===20160813-160249,rop_zset_increment[939]=== [-][GMS_REDIS]Add or increment table: FILE_HOT_ZSET,member: group1/M00/00/00/wKgCbFepTp2AUnd1AFRAAvu2TSg259.mp3 Error:3,

===20160813-160249,rop_disconnect[525]=== [+][GMS_REDIS]Disconnect SUCCESS!

===20160813-160250,rop_connectdb_nopwd[369]=== [+][GMS_REDIS]Connect 127.0.0.1:6379 SUCCESS!

===20160813-160250,rop_zset_increment[939]=== [-][GMS_REDIS]Add or increment table: FILE_HOT_ZSET,member: group1/M00/00/00/wKgCbFepTp2AUnd1AFRAAvu2TSg259.mp3 Error:4,

===20160813-160250,rop_disconnect[525]=== [+][GMS_REDIS]Disconnect SUCCESS!

===20160813-160250,rop_connectdb_nopwd[369]=== [+][GMS_REDIS]Connect 127.0.0.1:6379 SUCCESS!

===20160813-160250,rop_zset_increment[939]=== [-][GMS_REDIS]Add or increment table: FILE_HOT_ZSET,member: group1/M00/00/00/wKgCbFepTp2AUnd1AFRAAvu2TSg259.mp3 Error:5,

===20160813-160250,rop_disconnect[525]=== [+][GMS_REDIS]Disconnect SUCCESS!

===20160813-160250,rop_connectdb_nopwd[369]=== [+][GMS_REDIS]Connect 127.0.0.1:6379 SUCCESS!

===20160813-160250,rop_zset_increment[939]=== [-][GMS_REDIS]Add or increment table: FILE_HOT_ZSET,member: group1/M00/00/00/wKgCbFepTp2AUnd1AFRAAvu2TSg259.mp3 Error:6,

===20160813-160250,rop_disconnect[525]=== [+][GMS_REDIS]Disconnect SUCCESS!

===20160813-161824,rop_connectdb_nopwd[369]=== [+][GMS_REDIS]Connect 127.0.0.1:6379 SUCCESS!

===20160813-161824,rop_test_reply_type[329]=== [+][GMS_REDIS]=REDIS_REPLY_string=[string] use reply->str to get data, reply->len get data len

===20160813-161824,rop_disconnect[525]=== [+][GMS_REDIS]Disconnect SUCCESS!

===20160813-162336,rop_connectdb_nopwd[369]=== [+][GMS_REDIS]Connect 127.0.0.1:6379 SUCCESS!

===20160813-162336,rop_test_reply_type[329]=== [+][GMS_REDIS]=REDIS_REPLY_string=[string] use reply->str to get data, reply->len get data len

===20160813-162336,rop_disconnect[525]=== [+][GMS_REDIS]Disconnect SUCCESS!

===20160813-162544,rop_connectdb_nopwd[369]=== [+][GMS_REDIS]Connect 127.0.0.1:6379 SUCCESS!

===20160813-162544,rop_disconnect[525]=== [+][GMS_REDIS]Disconnect SUCCESS!

===20160813-162747,rop_connectdb_nopwd[369]=== [+][GMS_REDIS]Connect 127.0.0.1:6379 SUCCESS!

===20160813-162747,rop_disconnect[525]=== [+][GMS_REDIS]Disconnect SUCCESS!

===20160813-163017,rop_connectdb_nopwd[369]=== [+][GMS_REDIS]Connect 127.0.0.1:6379 SUCCESS!

===20160813-163017,rop_test_reply_type[329]=== [+][GMS_REDIS]=REDIS_REPLY_string=[string] use reply->str to get data, reply->len get data len

===20160813-163017,rop_test_reply_type[329]=== [+][GMS_REDIS]=REDIS_REPLY_string=[string] use reply->str to get data, reply->len get data len

===20160813-163017,rop_test_reply_type[329]=== [+][GMS_REDIS]=REDIS_REPLY_string=[string] use reply->str to get data, reply->len get data len

===20160813-163017,rop_test_reply_type[329]=== [+][GMS_REDIS]=REDIS_REPLY_string=[string] use reply->str to get data, reply->len get data len

===20160813-163017,rop_test_reply_type[329]=== [+][GMS_REDIS]=REDIS_REPLY_string=[string] use reply->str to get data, reply->len get data len

===20160813-163017,rop_test_reply_type[329]=== [+][GMS_REDIS]=REDIS_REPLY_string=[string] use reply->str to get data, reply->len get data len

===20160813-163017,rop_test_reply_type[329]=== [+][GMS_REDIS]=REDIS_REPLY_string=[string] use reply->str to get data, reply->len get data len

===20160813-163017,rop_test_reply_type[329]=== [+][GMS_REDIS]=REDIS_REPLY_string=[string] use reply->str to get data, reply->len get data len

===20160813-163017,rop_disconnect[525]=== [+][GMS_REDIS]Disconnect SUCCESS!

===20160813-163032,rop_connectdb_nopwd[369]=== [+][GMS_REDIS]Connect 127.0.0.1:6379 SUCCESS!

===20160813-163032,rop_zset_increment[939]=== [-][GMS_REDIS]Add or increment table: FILE_HOT_ZSET,member: group1/M00/00/00/wKgCbFepTmGAQvuXAAEYXfRAMkc937.png Error:3,

===20160813-163032,rop_disconnect[525]=== [+][GMS_REDIS]Disconnect SUCCESS!

===20160813-163034,rop_connectdb_nopwd[369]=== [+][GMS_REDIS]Connect 127.0.0.1:6379 SUCCESS!

===20160813-163034,rop_test_reply_type[329]=== [+][GMS_REDIS]=REDIS_REPLY_string=[string] use reply->str to get data, reply->len get data len

===20160813-163034,rop_test_reply_type[329]=== [+][GMS_REDIS]=REDIS_REPLY_string=[string] use reply->str to get data, reply->len get data len

===20160813-163034,rop_test_reply_type[329]=== [+][GMS_REDIS]=REDIS_REPLY_string=[string] use reply->str to get data, reply->len get data len

===20160813-163034,rop_test_reply_type[329]=== [+][GMS_REDIS]=REDIS_REPLY_string=[string] use reply->str to get data, reply->len get data len

===20160813-163034,rop_test_reply_type[329]=== [+][GMS_REDIS]=REDIS_REPLY_string=[string] use reply->str to get data, reply->len get data len

===20160813-163034,rop_test_reply_type[329]=== [+][GMS_REDIS]=REDIS_REPLY_string=[string] use reply->str to get data, reply->len get data len

===20160813-163034,rop_test_reply_type[329]=== [+][GMS_REDIS]=REDIS_REPLY_string=[string] use reply->str to get data, reply->len get data len

===20160813-163034,rop_test_reply_type[329]=== [+][GMS_REDIS]=REDIS_REPLY_string=[string] use reply->str to get data, reply->len get data len

===20160813-163034,rop_disconnect[525]=== [+][GMS_REDIS]Disconnect SUCCESS!

===20160813-163505,rop_connectdb_nopwd[369]=== [+][GMS_REDIS]Connect 127.0.0.1:6379 SUCCESS!

===20160813-163505,rop_test_reply_type[329]=== [+][GMS_REDIS]=REDIS_REPLY_string=[string] use reply->str to get data, reply->len get data len

===20160813-163505,rop_test_reply_type[329]=== [+][GMS_REDIS]=REDIS_REPLY_string=[string] use reply->str to get data, reply->len get data len

===20160813-163505,rop_test_reply_type[329]=== [+][GMS_REDIS]=REDIS_REPLY_string=[string] use reply->str to get data, reply->len get data len

===20160813-163505,rop_test_reply_type[329]=== [+][GMS_REDIS]=REDIS_REPLY_string=[string] use reply->str to get data, reply->len get data len

===20160813-163505,rop_test_reply_type[329]=== [+][GMS_REDIS]=REDIS_REPLY_string=[string] use reply->str to get data, reply->len get data len

===20160813-163505,rop_test_reply_type[329]=== [+][GMS_REDIS]=REDIS_REPLY_string=[string] use reply->str to get data, reply->len get data len

===20160813-163505,rop_test_reply_type[329]=== [+][GMS_REDIS]=REDIS_REPLY_string=[string] use reply->str to get data, reply->len get data len

===20160813-163505,rop_test_reply_type[329]=== [+][GMS_REDIS]=REDIS_REPLY_string=[string] use reply->str to get data, reply->len get data len

===20160813-163505,rop_disconnect[525]=== [+][GMS_REDIS]Disconnect SUCCESS!

===20160813-163520,rop_connectdb_nopwd[369]=== [+][GMS_REDIS]Connect 127.0.0.1:6379 SUCCESS!

===20160813-163520,rop_test_reply_type[329]=== [+][GMS_REDIS]=REDIS_REPLY_string=[string] use reply->str to get data, reply->len get data len

===20160813-163520,rop_test_reply_type[329]=== [+][GMS_REDIS]=REDIS_REPLY_string=[string] use reply->str to get data, reply->len get data len

===20160813-163520,rop_test_reply_type[329]=== [+][GMS_REDIS]=REDIS_REPLY_string=[string] use reply->str to get data, reply->len get data len

===20160813-163520,rop_test_reply_type[329]=== [+][GMS_REDIS]=REDIS_REPLY_string=[string] use reply->str to get data, reply->len get data len

===20160813-163520,rop_test_reply_type[329]=== [+][GMS_REDIS]=REDIS_REPLY_string=[string] use reply->str to get data, reply->len get data len

===20160813-163520,rop_test_reply_type[329]=== [+][GMS_REDIS]=REDIS_REPLY_string=[string] use reply->str to get data, reply->len get data len

===20160813-163520,rop_test_reply_type[329]=== [+][GMS_REDIS]=REDIS_REPLY_string=[string] use reply->str to get data, reply->len get data len

===20160813-163520,rop_test_reply_type[329]=== [+][GMS_REDIS]=REDIS_REPLY_string=[string] use reply->str to get data, reply->len get data len

===20160813-163520,rop_disconnect[525]=== [+][GMS_REDIS]Disconnect SUCCESS!

===20160813-163526,rop_connectdb_nopwd[369]=== [+][GMS_REDIS]Connect 127.0.0.1:6379 SUCCESS!

===20160813-163526,rop_test_reply_type[329]=== [+][GMS_REDIS]=REDIS_REPLY_string=[string] use reply->str to get data, reply->len get data len

===20160813-163526,rop_test_reply_type[329]=== [+][GMS_REDIS]=REDIS_REPLY_string=[string] use reply->str to get data, reply->len get data len

===20160813-163526,rop_test_reply_type[329]=== [+][GMS_REDIS]=REDIS_REPLY_string=[string] use reply->str to get data, reply->len get data len

===20160813-163526,rop_test_reply_type[329]=== [+][GMS_REDIS]=REDIS_REPLY_string=[string] use reply->str to get data, reply->len get data len

===20160813-163526,rop_test_reply_type[329]=== [+][GMS_REDIS]=REDIS_REPLY_string=[string] use reply->str to get data, reply->len get data len

===20160813-163526,rop_test_reply_type[329]=== [+][GMS_REDIS]=REDIS_REPLY_string=[string] use reply->str to get data, reply->len get data len

===20160813-163526,rop_test_reply_type[329]=== [+][GMS_REDIS]=REDIS_REPLY_string=[string] use reply->str to get data, reply->len get data len

===20160813-163526,rop_test_reply_type[329]=== [+][GMS_REDIS]=REDIS_REPLY_string=[string] use reply->str to get data, reply->len get data len

===20160813-163526,rop_disconnect[525]=== [+][GMS_REDIS]Disconnect SUCCESS!

===20160813-163647,rop_connectdb_nopwd[369]=== [+][GMS_REDIS]Connect 127.0.0.1:6379 SUCCESS!

===20160813-163647,rop_test_reply_type[329]=== [+][GMS_REDIS]=REDIS_REPLY_string=[string] use reply->str to get data, reply->len get data len

===20160813-163647,rop_test_reply_type[329]=== [+][GMS_REDIS]=REDIS_REPLY_string=[string] use reply->str to get data, reply->len get data len

===20160813-163647,rop_test_reply_type[329]=== [+][GMS_REDIS]=REDIS_REPLY_string=[string] use reply->str to get data, reply->len get data len

===20160813-163647,rop_test_reply_type[329]=== [+][GMS_REDIS]=REDIS_REPLY_string=[string] use reply->str to get data, reply->len get data len

===20160813-163647,rop_test_reply_type[329]=== [+][GMS_REDIS]=REDIS_REPLY_string=[string] use reply->str to get data, reply->len get data len

===20160813-163647,rop_test_reply_type[329]=== [+][GMS_REDIS]=REDIS_REPLY_string=[string] use reply->str to get data, reply->len get data len

===20160813-163647,rop_test_reply_type[329]=== [+][GMS_REDIS]=REDIS_REPLY_string=[string] use reply->str to get data, reply->len get data len

===20160813-163647,rop_test_reply_type[329]=== [+][GMS_REDIS]=REDIS_REPLY_string=[string] use reply->str to get data, reply->len get data len

===20160813-163647,rop_disconnect[525]=== [+][GMS_REDIS]Disconnect SUCCESS!

===20160813-163654,rop_connectdb_nopwd[369]=== [+][GMS_REDIS]Connect 127.0.0.1:6379 SUCCESS!

===20160813-163654,rop_test_reply_type[329]=== [+][GMS_REDIS]=REDIS_REPLY_string=[string] use reply->str to get data, reply->len get data len

===20160813-163654,rop_test_reply_type[329]=== [+][GMS_REDIS]=REDIS_REPLY_string=[string] use reply->str to get data, reply->len get data len

===20160813-163654,rop_test_reply_type[329]=== [+][GMS_REDIS]=REDIS_REPLY_string=[string] use reply->str to get data, reply->len get data len

===20160813-163654,rop_test_reply_type[329]=== [+][GMS_REDIS]=REDIS_REPLY_string=[string] use reply->str to get data, reply->len get data len

===20160813-163654,rop_test_reply_type[329]=== [+][GMS_REDIS]=REDIS_REPLY_string=[string] use reply->str to get data, reply->len get data len

===20160813-163654,rop_test_reply_type[329]=== [+][GMS_REDIS]=REDIS_REPLY_string=[string] use reply->str to get data, reply->len get data len

===20160813-163654,rop_test_reply_type[329]=== [+][GMS_REDIS]=REDIS_REPLY_string=[string] use reply->str to get data, reply->len get data len

===20160813-163654,rop_test_reply_type[329]=== [+][GMS_REDIS]=REDIS_REPLY_string=[string] use reply->str to get data, reply->len get data len

===20160813-163654,rop_disconnect[525]=== [+][GMS_REDIS]Disconnect SUCCESS!

===20160813-163703,rop_connectdb_nopwd[369]=== [+][GMS_REDIS]Connect 127.0.0.1:6379 SUCCESS!

===20160813-163703,rop_test_reply_type[329]=== [+][GMS_REDIS]=REDIS_REPLY_string=[string] use reply->str to get data, reply->len get data len

===20160813-163703,rop_test_reply_type[329]=== [+][GMS_REDIS]=REDIS_REPLY_string=[string] use reply->str to get data, reply->len get data len

===20160813-163703,rop_test_reply_type[329]=== [+][GMS_REDIS]=REDIS_REPLY_string=[string] use reply->str to get data, reply->len get data len

===20160813-163703,rop_test_reply_type[329]=== [+][GMS_REDIS]=REDIS_REPLY_string=[string] use reply->str to get data, reply->len get data len

===20160813-163703,rop_test_reply_type[329]=== [+][GMS_REDIS]=REDIS_REPLY_string=[string] use reply->str to get data, reply->len get data len

===20160813-163703,rop_test_reply_type[329]=== [+][GMS_REDIS]=REDIS_REPLY_string=[string] use reply->str to get data, reply->len get data len

===20160813-163703,rop_test_reply_type[329]=== [+][GMS_REDIS]=REDIS_REPLY_string=[string] use reply->str to get data, reply->len get data len

===20160813-163703,rop_test_reply_type[329]=== [+][GMS_REDIS]=REDIS_REPLY_string=[string] use reply->str to get data, reply->len get data len

===20160813-163703,rop_disconnect[525]=== [+][GMS_REDIS]Disconnect SUCCESS!

